<?xml version="1.0" encoding="UTF-8" standalone="no"?>
<!DOCTYPE report PUBLIC "-//JACOCO//DTD Report 1.1//EN" "report.dtd"[]>
<report name="Pester (03/11/2026 07:47:19)">
  <sessioninfo id="this" start="1773215216413" dump="1773215239899" />
  <package name="Redball">
    <class name="Redball/Bump-Version" sourcefilename="Bump-Version.ps1">
      <method name="&lt;script&gt;" desc="()" line="39">
        <counter type="INSTRUCTION" missed="38" covered="0" />
        <counter type="LINE" missed="35" covered="0" />
        <counter type="METHOD" missed="1" covered="0" />
      </method>
      <counter type="INSTRUCTION" missed="38" covered="0" />
      <counter type="LINE" missed="35" covered="0" />
      <counter type="METHOD" missed="1" covered="0" />
      <counter type="CLASS" missed="1" covered="0" />
    </class>
    <class name="Redball/ci-test" sourcefilename="ci-test.ps1">
      <method name="&lt;script&gt;" desc="()" line="1">
        <counter type="INSTRUCTION" missed="14" covered="0" />
        <counter type="LINE" missed="12" covered="0" />
        <counter type="METHOD" missed="1" covered="0" />
      </method>
      <counter type="INSTRUCTION" missed="14" covered="0" />
      <counter type="LINE" missed="12" covered="0" />
      <counter type="METHOD" missed="1" covered="0" />
      <counter type="CLASS" missed="1" covered="0" />
    </class>
    <class name="Redball/Redball" sourcefilename="Redball.ps1">
      <method name="&lt;script&gt;" desc="()" line="1102">
        <counter type="INSTRUCTION" missed="583" covered="0" />
        <counter type="LINE" missed="529" covered="0" />
        <counter type="METHOD" missed="1" covered="0" />
      </method>
      <method name="Test-RedballInstanceRunning" desc="()" line="278">
        <counter type="INSTRUCTION" missed="5" covered="0" />
        <counter type="LINE" missed="5" covered="0" />
        <counter type="METHOD" missed="1" covered="0" />
      </method>
      <method name="Initialize-RedballSingleton" desc="()" line="302">
        <counter type="INSTRUCTION" missed="9" covered="0" />
        <counter type="LINE" missed="8" covered="0" />
        <counter type="METHOD" missed="1" covered="0" />
      </method>
      <method name="Get-RedballProcess" desc="()" line="325">
        <counter type="INSTRUCTION" missed="10" covered="0" />
        <counter type="LINE" missed="9" covered="0" />
        <counter type="METHOD" missed="1" covered="0" />
      </method>
      <method name="Stop-RedballProcess" desc="()" line="356">
        <counter type="INSTRUCTION" missed="20" covered="0" />
        <counter type="LINE" missed="19" covered="0" />
        <counter type="METHOD" missed="1" covered="0" />
      </method>
      <method name="Clear-RedballLogLock" desc="()" line="410">
        <counter type="INSTRUCTION" missed="26" covered="0" />
        <counter type="LINE" missed="25" covered="0" />
        <counter type="METHOD" missed="1" covered="0" />
      </method>
      <method name="Import-RedballLocales" desc="()" line="629">
        <counter type="INSTRUCTION" missed="25" covered="0" />
        <counter type="LINE" missed="15" covered="0" />
        <counter type="METHOD" missed="1" covered="0" />
      </method>
      <method name="ConvertTo-Hashtable" desc="()" line="634">
        <counter type="INSTRUCTION" missed="14" covered="0" />
        <counter type="LINE" missed="10" covered="0" />
        <counter type="METHOD" missed="1" covered="0" />
      </method>
      <method name="Get-LocalizedString" desc="()" line="688">
        <counter type="INSTRUCTION" missed="6" covered="0" />
        <counter type="LINE" missed="6" covered="0" />
        <counter type="METHOD" missed="1" covered="0" />
      </method>
      <method name="Write-RedballLog" desc="()" line="723">
        <counter type="INSTRUCTION" missed="40" covered="0" />
        <counter type="LINE" missed="27" covered="0" />
        <counter type="METHOD" missed="1" covered="0" />
      </method>
      <method name="Import-RedballConfig" desc="()" line="811">
        <counter type="INSTRUCTION" missed="17" covered="0" />
        <counter type="LINE" missed="15" covered="0" />
        <counter type="METHOD" missed="1" covered="0" />
      </method>
      <method name="Save-RedballConfig" desc="()" line="857">
        <counter type="INSTRUCTION" missed="17" covered="0" />
        <counter type="LINE" missed="13" covered="0" />
        <counter type="METHOD" missed="1" covered="0" />
      </method>
      <method name="Test-RedballConfigSchema" desc="()" line="888">
        <counter type="INSTRUCTION" missed="99" covered="0" />
        <counter type="LINE" missed="51" covered="0" />
        <counter type="METHOD" missed="1" covered="0" />
      </method>
      <method name="Test-RedballFirstRun" desc="()" line="985">
        <counter type="INSTRUCTION" missed="11" covered="0" />
        <counter type="LINE" missed="8" covered="0" />
        <counter type="METHOD" missed="1" covered="0" />
      </method>
      <method name="Update-FeatureUsage" desc="()" line="1016">
        <counter type="INSTRUCTION" missed="4" covered="0" />
        <counter type="LINE" missed="4" covered="0" />
        <counter type="METHOD" missed="1" covered="0" />
      </method>
      <method name="Write-FeatureUsageSummary" desc="()" line="1028">
        <counter type="INSTRUCTION" missed="8" covered="0" />
        <counter type="LINE" missed="3" covered="0" />
        <counter type="METHOD" missed="1" covered="0" />
      </method>
      <method name="Write-CrashReport" desc="()" line="1045">
        <counter type="INSTRUCTION" missed="23" covered="0" />
        <counter type="LINE" missed="17" covered="0" />
        <counter type="METHOD" missed="1" covered="0" />
      </method>
      <method name="Show-RedballError" desc="()" line="1083">
        <counter type="INSTRUCTION" missed="9" covered="0" />
        <counter type="LINE" missed="9" covered="0" />
        <counter type="METHOD" missed="1" covered="0" />
      </method>
      <method name="Set-KeepAwakeState" desc="()" line="1125">
        <counter type="INSTRUCTION" missed="11" covered="0" />
        <counter type="LINE" missed="9" covered="0" />
        <counter type="METHOD" missed="1" covered="0" />
      </method>
      <method name="Send-HeartbeatKey" desc="()" line="1160">
        <counter type="INSTRUCTION" missed="8" covered="0" />
        <counter type="LINE" missed="8" covered="0" />
        <counter type="METHOD" missed="1" covered="0" />
      </method>
      <method name="Get-CustomTrayIcon" desc="()" line="1207">
        <counter type="INSTRUCTION" missed="57" covered="0" />
        <counter type="LINE" missed="54" covered="0" />
        <counter type="METHOD" missed="1" covered="0" />
      </method>
      <method name="Get-StatusText" desc="()" line="1305">
        <counter type="INSTRUCTION" missed="16" covered="0" />
        <counter type="LINE" missed="9" covered="0" />
        <counter type="METHOD" missed="1" covered="0" />
      </method>
      <method name="Update-RedballUI" desc="()" line="1335">
        <counter type="INSTRUCTION" missed="42" covered="0" />
        <counter type="LINE" missed="36" covered="0" />
        <counter type="METHOD" missed="1" covered="0" />
      </method>
      <method name="Show-RedballSettings" desc="()" line="1421">
        <counter type="INSTRUCTION" missed="213" covered="0" />
        <counter type="LINE" missed="190" covered="0" />
        <counter type="METHOD" missed="1" covered="0" />
      </method>
      <method name="Add-SettingRow" desc="()" line="1441">
        <counter type="INSTRUCTION" missed="105" covered="0" />
        <counter type="LINE" missed="79" covered="0" />
        <counter type="METHOD" missed="1" covered="0" />
      </method>
      <method name="Show-AboutDialog" desc="()" line="1808">
        <counter type="INSTRUCTION" missed="176" covered="0" />
        <counter type="LINE" missed="143" covered="0" />
        <counter type="METHOD" missed="1" covered="0" />
      </method>
      <method name="ConvertTo-HotkeyParams" desc="()" line="2008">
        <counter type="INSTRUCTION" missed="94" covered="0" />
        <counter type="LINE" missed="31" covered="0" />
        <counter type="METHOD" missed="1" covered="0" />
      </method>
      <method name="Register-TypeThingHotkeys" desc="()" line="2056">
        <counter type="INSTRUCTION" missed="39" covered="0" />
        <counter type="LINE" missed="29" covered="0" />
        <counter type="METHOD" missed="1" covered="0" />
      </method>
      <method name="Unregister-TypeThingHotkeys" desc="()" line="2119">
        <counter type="INSTRUCTION" missed="10" covered="0" />
        <counter type="LINE" missed="8" covered="0" />
        <counter type="METHOD" missed="1" covered="0" />
      </method>
      <method name="Get-ClipboardText" desc="()" line="2139">
        <counter type="INSTRUCTION" missed="12" covered="0" />
        <counter type="LINE" missed="9" covered="0" />
        <counter type="METHOD" missed="1" covered="0" />
      </method>
      <method name="Send-TypeThingChar" desc="()" line="2169">
        <counter type="INSTRUCTION" missed="57" covered="0" />
        <counter type="LINE" missed="51" covered="0" />
        <counter type="METHOD" missed="1" covered="0" />
      </method>
      <method name="Start-TypeThingTyping" desc="()" line="2251">
        <counter type="INSTRUCTION" missed="53" covered="0" />
        <counter type="LINE" missed="45" covered="0" />
        <counter type="METHOD" missed="1" covered="0" />
      </method>
      <method name="Start-TypeThingTimer" desc="()" line="2340">
        <counter type="INSTRUCTION" missed="35" covered="0" />
        <counter type="LINE" missed="30" covered="0" />
        <counter type="METHOD" missed="1" covered="0" />
      </method>
      <method name="Stop-TypeThingTyping" desc="()" line="2405">
        <counter type="INSTRUCTION" missed="24" covered="0" />
        <counter type="LINE" missed="21" covered="0" />
        <counter type="METHOD" missed="1" covered="0" />
      </method>
      <method name="Complete-TypeThingTyping" desc="()" line="2450">
        <counter type="INSTRUCTION" missed="25" covered="0" />
        <counter type="LINE" missed="20" covered="0" />
        <counter type="METHOD" missed="1" covered="0" />
      </method>
      <method name="Get-TypeThingTheme" desc="()" line="2528">
        <counter type="INSTRUCTION" missed="3" covered="0" />
        <counter type="LINE" missed="3" covered="0" />
        <counter type="METHOD" missed="1" covered="0" />
      </method>
      <method name="Set-TypeThingFormTheme" desc="()" line="2545">
        <counter type="INSTRUCTION" missed="33" covered="0" />
        <counter type="LINE" missed="31" covered="0" />
        <counter type="METHOD" missed="1" covered="0" />
      </method>
      <method name="Show-TypeThingSettings" desc="()" line="2593">
        <counter type="INSTRUCTION" missed="407" covered="0" />
        <counter type="LINE" missed="328" covered="0" />
        <counter type="METHOD" missed="1" covered="0" />
      </method>
      <method name="Set-ActiveState" desc="()" line="3026">
        <counter type="INSTRUCTION" missed="30" covered="0" />
        <counter type="LINE" missed="26" covered="0" />
        <counter type="METHOD" missed="1" covered="0" />
      </method>
      <method name="Switch-ActiveState" desc="()" line="3087">
        <counter type="INSTRUCTION" missed="4" covered="0" />
        <counter type="LINE" missed="3" covered="0" />
        <counter type="METHOD" missed="1" covered="0" />
      </method>
      <method name="Start-TimedAwake" desc="()" line="3105">
        <counter type="INSTRUCTION" missed="6" covered="0" />
        <counter type="LINE" missed="5" covered="0" />
        <counter type="METHOD" missed="1" covered="0" />
      </method>
      <method name="Exit-Application" desc="()" line="3132">
        <counter type="INSTRUCTION" missed="54" covered="0" />
        <counter type="LINE" missed="53" covered="0" />
        <counter type="METHOD" missed="1" covered="0" />
      </method>
      <method name="Save-RedballState" desc="()" line="3272">
        <counter type="INSTRUCTION" missed="17" covered="0" />
        <counter type="LINE" missed="11" covered="0" />
        <counter type="METHOD" missed="1" covered="0" />
      </method>
      <method name="Restore-RedballState" desc="()" line="3304">
        <counter type="INSTRUCTION" missed="20" covered="0" />
        <counter type="LINE" missed="17" covered="0" />
        <counter type="METHOD" missed="1" covered="0" />
      </method>
      <method name="Install-RedballStartup" desc="()" line="3339">
        <counter type="INSTRUCTION" missed="26" covered="0" />
        <counter type="LINE" missed="23" covered="0" />
        <counter type="METHOD" missed="1" covered="0" />
      </method>
      <method name="Uninstall-RedballStartup" desc="()" line="3382">
        <counter type="INSTRUCTION" missed="9" covered="0" />
        <counter type="LINE" missed="9" covered="0" />
        <counter type="METHOD" missed="1" covered="0" />
      </method>
      <method name="Test-RedballStartup" desc="()" line="3399">
        <counter type="INSTRUCTION" missed="2" covered="0" />
        <counter type="LINE" missed="2" covered="0" />
        <counter type="METHOD" missed="1" covered="0" />
      </method>
      <method name="Send-RedballToast" desc="()" line="3431">
        <counter type="INSTRUCTION" missed="14" covered="0" />
        <counter type="LINE" missed="11" covered="0" />
        <counter type="METHOD" missed="1" covered="0" />
      </method>
      <method name="Get-BatteryStatus" desc="()" line="3479">
        <counter type="INSTRUCTION" missed="22" covered="0" />
        <counter type="LINE" missed="16" covered="0" />
        <counter type="METHOD" missed="1" covered="0" />
      </method>
      <method name="Test-BatteryThreshold" desc="()" line="3509">
        <counter type="INSTRUCTION" missed="8" covered="0" />
        <counter type="LINE" missed="6" covered="0" />
        <counter type="METHOD" missed="1" covered="0" />
      </method>
      <method name="Update-BatteryAwareState" desc="()" line="3524">
        <counter type="INSTRUCTION" missed="18" covered="0" />
        <counter type="LINE" missed="16" covered="0" />
        <counter type="METHOD" missed="1" covered="0" />
      </method>
      <method name="Get-RedballStatus" desc="()" line="3553">
        <counter type="INSTRUCTION" missed="22" covered="0" />
        <counter type="LINE" missed="14" covered="0" />
        <counter type="METHOD" missed="1" covered="0" />
      </method>
      <method name="Register-GlobalHotkey" desc="()" line="3671">
        <counter type="INSTRUCTION" missed="7" covered="0" />
        <counter type="LINE" missed="7" covered="0" />
        <counter type="METHOD" missed="1" covered="0" />
      </method>
      <method name="Unregister-GlobalHotkey" desc="()" line="3690">
        <counter type="INSTRUCTION" missed="5" covered="0" />
        <counter type="LINE" missed="5" covered="0" />
        <counter type="METHOD" missed="1" covered="0" />
      </method>
      <method name="Get-IdleTimeMinutes" desc="()" line="4096">
        <counter type="INSTRUCTION" missed="3" covered="0" />
        <counter type="LINE" missed="3" covered="0" />
        <counter type="METHOD" missed="1" covered="0" />
      </method>
      <method name="Update-IdleAwareState" desc="()" line="4108">
        <counter type="INSTRUCTION" missed="16" covered="0" />
        <counter type="LINE" missed="15" covered="0" />
        <counter type="METHOD" missed="1" covered="0" />
      </method>
      <method name="Get-NetworkStatus" desc="()" line="4133">
        <counter type="INSTRUCTION" missed="13" covered="0" />
        <counter type="LINE" missed="8" covered="0" />
        <counter type="METHOD" missed="1" covered="0" />
      </method>
      <method name="Update-NetworkAwareState" desc="()" line="4152">
        <counter type="INSTRUCTION" missed="15" covered="0" />
        <counter type="LINE" missed="15" covered="0" />
        <counter type="METHOD" missed="1" covered="0" />
      </method>
      <method name="Test-ScheduleActive" desc="()" line="4179">
        <counter type="INSTRUCTION" missed="12" covered="0" />
        <counter type="LINE" missed="10" covered="0" />
        <counter type="METHOD" missed="1" covered="0" />
      </method>
      <method name="Update-ScheduleState" desc="()" line="4205">
        <counter type="INSTRUCTION" missed="15" covered="0" />
        <counter type="LINE" missed="13" covered="0" />
        <counter type="METHOD" missed="1" covered="0" />
      </method>
      <method name="Test-PresentationMode" desc="()" line="4235">
        <counter type="INSTRUCTION" missed="36" covered="0" />
        <counter type="LINE" missed="26" covered="0" />
        <counter type="METHOD" missed="1" covered="0" />
      </method>
      <method name="Update-PresentationModeState" desc="()" line="4284">
        <counter type="INSTRUCTION" missed="11" covered="0" />
        <counter type="LINE" missed="9" covered="0" />
        <counter type="METHOD" missed="1" covered="0" />
      </method>
      <method name="Update-PerformanceMetrics" desc="()" line="4317">
        <counter type="INSTRUCTION" missed="24" covered="0" />
        <counter type="LINE" missed="20" covered="0" />
        <counter type="METHOD" missed="1" covered="0" />
      </method>
      <method name="Test-CrashRecovery" desc="()" line="4360">
        <counter type="INSTRUCTION" missed="16" covered="0" />
        <counter type="LINE" missed="15" covered="0" />
        <counter type="METHOD" missed="1" covered="0" />
      </method>
      <method name="Clear-CrashFlag" desc="()" line="4392">
        <counter type="INSTRUCTION" missed="4" covered="0" />
        <counter type="LINE" missed="4" covered="0" />
        <counter type="METHOD" missed="1" covered="0" />
      </method>
      <method name="Test-ExecutionPolicy" desc="()" line="4407">
        <counter type="INSTRUCTION" missed="14" covered="0" />
        <counter type="LINE" missed="14" covered="0" />
        <counter type="METHOD" missed="1" covered="0" />
      </method>
      <method name="Import-RedballInstallerDefaults" desc="()" line="4434">
        <counter type="INSTRUCTION" missed="17" covered="0" />
        <counter type="LINE" missed="16" covered="0" />
        <counter type="METHOD" missed="1" covered="0" />
      </method>
      <method name="New-RedballSelfSignedCodeSigningCertificate" desc="()" line="4473">
        <counter type="INSTRUCTION" missed="11" covered="0" />
        <counter type="LINE" missed="10" covered="0" />
        <counter type="METHOD" missed="1" covered="0" />
      </method>
      <method name="Get-RedballCodeSigningCertificate" desc="()" line="4504">
        <counter type="INSTRUCTION" missed="13" covered="0" />
        <counter type="LINE" missed="8" covered="0" />
        <counter type="METHOD" missed="1" covered="0" />
      </method>
      <method name="Set-RedballCodeSignature" desc="()" line="4546">
        <counter type="INSTRUCTION" missed="28" covered="0" />
        <counter type="LINE" missed="24" covered="0" />
        <counter type="METHOD" missed="1" covered="0" />
      </method>
      <method name="Test-RedballFileSignature" desc="()" line="4609">
        <counter type="INSTRUCTION" missed="22" covered="0" />
        <counter type="LINE" missed="19" covered="0" />
        <counter type="METHOD" missed="1" covered="0" />
      </method>
      <method name="Get-RedballLatestRelease" desc="()" line="4648">
        <counter type="INSTRUCTION" missed="25" covered="0" />
        <counter type="LINE" missed="22" covered="0" />
        <counter type="METHOD" missed="1" covered="0" />
      </method>
      <method name="Test-RedballUpdateAvailable" desc="()" line="4691">
        <counter type="INSTRUCTION" missed="26" covered="0" />
        <counter type="LINE" missed="23" covered="0" />
        <counter type="METHOD" missed="1" covered="0" />
      </method>
      <method name="Install-RedballUpdate" desc="()" line="4731">
        <counter type="INSTRUCTION" missed="37" covered="0" />
        <counter type="LINE" missed="30" covered="0" />
        <counter type="METHOD" missed="1" covered="0" />
      </method>
      <method name="Export-RedballSettings" desc="()" line="4786">
        <counter type="INSTRUCTION" missed="25" covered="0" />
        <counter type="LINE" missed="21" covered="0" />
        <counter type="METHOD" missed="1" covered="0" />
      </method>
      <method name="Import-RedballSettings" desc="()" line="4826">
        <counter type="INSTRUCTION" missed="24" covered="0" />
        <counter type="LINE" missed="20" covered="0" />
        <counter type="METHOD" missed="1" covered="0" />
      </method>
      <method name="Test-HighContrastMode" desc="()" line="4875">
        <counter type="INSTRUCTION" missed="8" covered="0" />
        <counter type="LINE" missed="7" covered="0" />
        <counter type="METHOD" missed="1" covered="0" />
      </method>
      <method name="Update-HighContrastUI" desc="()" line="4922">
        <counter type="INSTRUCTION" missed="5" covered="0" />
        <counter type="LINE" missed="4" covered="0" />
        <counter type="METHOD" missed="1" covered="0" />
      </method>
      <method name="Enable-HighDPI" desc="()" line="4939">
        <counter type="INSTRUCTION" missed="6" covered="0" />
        <counter type="LINE" missed="5" covered="0" />
        <counter type="METHOD" missed="1" covered="0" />
      </method>
      <method name="Test-DarkMode" desc="()" line="4980">
        <counter type="INSTRUCTION" missed="6" covered="0" />
        <counter type="LINE" missed="5" covered="0" />
        <counter type="METHOD" missed="1" covered="0" />
      </method>
      <method name="Update-DarkModeUI" desc="()" line="4996">
        <counter type="INSTRUCTION" missed="5" covered="0" />
        <counter type="LINE" missed="5" covered="0" />
        <counter type="METHOD" missed="1" covered="0" />
      </method>
      <method name="Write-RedballTelemetryEvent" desc="()" line="5016">
        <counter type="INSTRUCTION" missed="11" covered="0" />
        <counter type="LINE" missed="10" covered="0" />
        <counter type="METHOD" missed="1" covered="0" />
      </method>
      <method name="Start-KeepAwakeRunspace" desc="()" line="5041">
        <counter type="INSTRUCTION" missed="20" covered="0" />
        <counter type="LINE" missed="17" covered="0" />
        <counter type="METHOD" missed="1" covered="0" />
      </method>
      <method name="Stop-KeepAwakeRunspace" desc="()" line="5093">
        <counter type="INSTRUCTION" missed="9" covered="0" />
        <counter type="LINE" missed="9" covered="0" />
        <counter type="METHOD" missed="1" covered="0" />
      </method>
      <counter type="INSTRUCTION" missed="3087" covered="0" />
      <counter type="LINE" missed="2538" covered="0" />
      <counter type="METHOD" missed="84" covered="0" />
      <counter type="CLASS" missed="1" covered="0" />
    </class>
    <sourcefile name="Bump-Version.ps1">
      <line nr="39" mi="1" ci="0" mb="0" cb="0" />
      <line nr="41" mi="1" ci="0" mb="0" cb="0" />
      <line nr="43" mi="2" ci="0" mb="0" cb="0" />
      <line nr="44" mi="1" ci="0" mb="0" cb="0" />
      <line nr="48" mi="1" ci="0" mb="0" cb="0" />
      <line nr="49" mi="1" ci="0" mb="0" cb="0" />
      <line nr="50" mi="1" ci="0" mb="0" cb="0" />
      <line nr="52" mi="1" ci="0" mb="0" cb="0" />
      <line nr="53" mi="1" ci="0" mb="0" cb="0" />
      <line nr="56" mi="1" ci="0" mb="0" cb="0" />
      <line nr="57" mi="1" ci="0" mb="0" cb="0" />
      <line nr="58" mi="1" ci="0" mb="0" cb="0" />
      <line nr="59" mi="1" ci="0" mb="0" cb="0" />
      <line nr="61" mi="1" ci="0" mb="0" cb="0" />
      <line nr="64" mi="1" ci="0" mb="0" cb="0" />
      <line nr="66" mi="1" ci="0" mb="0" cb="0" />
      <line nr="67" mi="1" ci="0" mb="0" cb="0" />
      <line nr="68" mi="1" ci="0" mb="0" cb="0" />
      <line nr="71" mi="1" ci="0" mb="0" cb="0" />
      <line nr="72" mi="1" ci="0" mb="0" cb="0" />
      <line nr="75" mi="1" ci="0" mb="0" cb="0" />
      <line nr="79" mi="1" ci="0" mb="0" cb="0" />
      <line nr="80" mi="1" ci="0" mb="0" cb="0" />
      <line nr="83" mi="1" ci="0" mb="0" cb="0" />
      <line nr="84" mi="1" ci="0" mb="0" cb="0" />
      <line nr="86" mi="1" ci="0" mb="0" cb="0" />
      <line nr="89" mi="1" ci="0" mb="0" cb="0" />
      <line nr="90" mi="3" ci="0" mb="0" cb="0" />
      <line nr="92" mi="1" ci="0" mb="0" cb="0" />
      <line nr="93" mi="1" ci="0" mb="0" cb="0" />
      <line nr="94" mi="1" ci="0" mb="0" cb="0" />
      <line nr="96" mi="1" ci="0" mb="0" cb="0" />
      <line nr="97" mi="1" ci="0" mb="0" cb="0" />
      <line nr="98" mi="1" ci="0" mb="0" cb="0" />
      <line nr="102" mi="1" ci="0" mb="0" cb="0" />
      <counter type="INSTRUCTION" missed="38" covered="0" />
      <counter type="LINE" missed="35" covered="0" />
      <counter type="METHOD" missed="1" covered="0" />
      <counter type="CLASS" missed="1" covered="0" />
    </sourcefile>
    <sourcefile name="ci-test.ps1">
      <line nr="1" mi="1" ci="0" mb="0" cb="0" />
      <line nr="2" mi="1" ci="0" mb="0" cb="0" />
      <line nr="3" mi="1" ci="0" mb="0" cb="0" />
      <line nr="4" mi="1" ci="0" mb="0" cb="0" />
      <line nr="5" mi="1" ci="0" mb="0" cb="0" />
      <line nr="6" mi="1" ci="0" mb="0" cb="0" />
      <line nr="7" mi="1" ci="0" mb="0" cb="0" />
      <line nr="8" mi="1" ci="0" mb="0" cb="0" />
      <line nr="9" mi="2" ci="0" mb="0" cb="0" />
      <line nr="10" mi="1" ci="0" mb="0" cb="0" />
      <line nr="11" mi="2" ci="0" mb="0" cb="0" />
      <line nr="13" mi="1" ci="0" mb="0" cb="0" />
      <counter type="INSTRUCTION" missed="14" covered="0" />
      <counter type="LINE" missed="12" covered="0" />
      <counter type="METHOD" missed="1" covered="0" />
      <counter type="CLASS" missed="1" covered="0" />
    </sourcefile>
    <sourcefile name="Redball.ps1">
      <line nr="1102" mi="1" ci="0" mb="0" cb="0" />
      <line nr="1103" mi="1" ci="0" mb="0" cb="0" />
      <line nr="84" mi="1" ci="0" mb="0" cb="0" />
      <line nr="85" mi="1" ci="0" mb="0" cb="0" />
      <line nr="86" mi="1" ci="0" mb="0" cb="0" />
      <line nr="89" mi="2" ci="0" mb="0" cb="0" />
      <line nr="90" mi="1" ci="0" mb="0" cb="0" />
      <line nr="92" mi="1" ci="0" mb="0" cb="0" />
      <line nr="93" mi="1" ci="0" mb="0" cb="0" />
      <line nr="96" mi="2" ci="0" mb="0" cb="0" />
      <line nr="100" mi="1" ci="0" mb="0" cb="0" />
      <line nr="101" mi="1" ci="0" mb="0" cb="0" />
      <line nr="103" mi="1" ci="0" mb="0" cb="0" />
      <line nr="104" mi="1" ci="0" mb="0" cb="0" />
      <line nr="108" mi="1" ci="0" mb="0" cb="0" />
      <line nr="110" mi="1" ci="0" mb="0" cb="0" />
      <line nr="111" mi="1" ci="0" mb="0" cb="0" />
      <line nr="114" mi="1" ci="0" mb="0" cb="0" />
      <line nr="118" mi="1" ci="0" mb="0" cb="0" />
      <line nr="121" mi="1" ci="0" mb="0" cb="0" />
      <line nr="122" mi="1" ci="0" mb="0" cb="0" />
      <line nr="124" mi="1" ci="0" mb="0" cb="0" />
      <line nr="136" mi="1" ci="0" mb="0" cb="0" />
      <line nr="139" mi="1" ci="0" mb="0" cb="0" />
      <line nr="141" mi="1" ci="0" mb="0" cb="0" />
      <line nr="142" mi="1" ci="0" mb="0" cb="0" />
      <line nr="143" mi="1" ci="0" mb="0" cb="0" />
      <line nr="146" mi="1" ci="0" mb="0" cb="0" />
      <line nr="147" mi="1" ci="0" mb="0" cb="0" />
      <line nr="154" mi="1" ci="0" mb="0" cb="0" />
      <line nr="155" mi="1" ci="0" mb="0" cb="0" />
      <line nr="156" mi="1" ci="0" mb="0" cb="0" />
      <line nr="157" mi="1" ci="0" mb="0" cb="0" />
      <line nr="158" mi="1" ci="0" mb="0" cb="0" />
      <line nr="159" mi="1" ci="0" mb="0" cb="0" />
      <line nr="160" mi="1" ci="0" mb="0" cb="0" />
      <line nr="161" mi="1" ci="0" mb="0" cb="0" />
      <line nr="162" mi="1" ci="0" mb="0" cb="0" />
      <line nr="163" mi="1" ci="0" mb="0" cb="0" />
      <line nr="164" mi="1" ci="0" mb="0" cb="0" />
      <line nr="165" mi="1" ci="0" mb="0" cb="0" />
      <line nr="166" mi="1" ci="0" mb="0" cb="0" />
      <line nr="167" mi="1" ci="0" mb="0" cb="0" />
      <line nr="168" mi="1" ci="0" mb="0" cb="0" />
      <line nr="169" mi="1" ci="0" mb="0" cb="0" />
      <line nr="170" mi="1" ci="0" mb="0" cb="0" />
      <line nr="171" mi="1" ci="0" mb="0" cb="0" />
      <line nr="172" mi="1" ci="0" mb="0" cb="0" />
      <line nr="173" mi="1" ci="0" mb="0" cb="0" />
      <line nr="174" mi="1" ci="0" mb="0" cb="0" />
      <line nr="175" mi="1" ci="0" mb="0" cb="0" />
      <line nr="176" mi="1" ci="0" mb="0" cb="0" />
      <line nr="177" mi="1" ci="0" mb="0" cb="0" />
      <line nr="178" mi="1" ci="0" mb="0" cb="0" />
      <line nr="179" mi="1" ci="0" mb="0" cb="0" />
      <line nr="180" mi="1" ci="0" mb="0" cb="0" />
      <line nr="181" mi="1" ci="0" mb="0" cb="0" />
      <line nr="182" mi="1" ci="0" mb="0" cb="0" />
      <line nr="183" mi="1" ci="0" mb="0" cb="0" />
      <line nr="184" mi="1" ci="0" mb="0" cb="0" />
      <line nr="185" mi="1" ci="0" mb="0" cb="0" />
      <line nr="186" mi="1" ci="0" mb="0" cb="0" />
      <line nr="187" mi="1" ci="0" mb="0" cb="0" />
      <line nr="188" mi="1" ci="0" mb="0" cb="0" />
      <line nr="189" mi="1" ci="0" mb="0" cb="0" />
      <line nr="190" mi="1" ci="0" mb="0" cb="0" />
      <line nr="191" mi="1" ci="0" mb="0" cb="0" />
      <line nr="192" mi="1" ci="0" mb="0" cb="0" />
      <line nr="194" mi="1" ci="0" mb="0" cb="0" />
      <line nr="195" mi="1" ci="0" mb="0" cb="0" />
      <line nr="196" mi="1" ci="0" mb="0" cb="0" />
      <line nr="197" mi="1" ci="0" mb="0" cb="0" />
      <line nr="198" mi="1" ci="0" mb="0" cb="0" />
      <line nr="199" mi="1" ci="0" mb="0" cb="0" />
      <line nr="200" mi="1" ci="0" mb="0" cb="0" />
      <line nr="201" mi="1" ci="0" mb="0" cb="0" />
      <line nr="202" mi="1" ci="0" mb="0" cb="0" />
      <line nr="203" mi="1" ci="0" mb="0" cb="0" />
      <line nr="204" mi="1" ci="0" mb="0" cb="0" />
      <line nr="205" mi="1" ci="0" mb="0" cb="0" />
      <line nr="206" mi="1" ci="0" mb="0" cb="0" />
      <line nr="207" mi="1" ci="0" mb="0" cb="0" />
      <line nr="208" mi="1" ci="0" mb="0" cb="0" />
      <line nr="209" mi="1" ci="0" mb="0" cb="0" />
      <line nr="212" mi="3" ci="0" mb="0" cb="0" />
      <line nr="214" mi="1" ci="0" mb="0" cb="0" />
      <line nr="215" mi="1" ci="0" mb="0" cb="0" />
      <line nr="216" mi="1" ci="0" mb="0" cb="0" />
      <line nr="217" mi="1" ci="0" mb="0" cb="0" />
      <line nr="218" mi="1" ci="0" mb="0" cb="0" />
      <line nr="219" mi="2" ci="0" mb="0" cb="0" />
      <line nr="220" mi="1" ci="0" mb="0" cb="0" />
      <line nr="221" mi="1" ci="0" mb="0" cb="0" />
      <line nr="222" mi="1" ci="0" mb="0" cb="0" />
      <line nr="223" mi="1" ci="0" mb="0" cb="0" />
      <line nr="224" mi="1" ci="0" mb="0" cb="0" />
      <line nr="225" mi="1" ci="0" mb="0" cb="0" />
      <line nr="226" mi="1" ci="0" mb="0" cb="0" />
      <line nr="227" mi="1" ci="0" mb="0" cb="0" />
      <line nr="228" mi="1" ci="0" mb="0" cb="0" />
      <line nr="229" mi="1" ci="0" mb="0" cb="0" />
      <line nr="230" mi="1" ci="0" mb="0" cb="0" />
      <line nr="231" mi="1" ci="0" mb="0" cb="0" />
      <line nr="232" mi="2" ci="0" mb="0" cb="0" />
      <line nr="233" mi="1" ci="0" mb="0" cb="0" />
      <line nr="234" mi="1" ci="0" mb="0" cb="0" />
      <line nr="235" mi="1" ci="0" mb="0" cb="0" />
      <line nr="236" mi="1" ci="0" mb="0" cb="0" />
      <line nr="237" mi="1" ci="0" mb="0" cb="0" />
      <line nr="238" mi="1" ci="0" mb="0" cb="0" />
      <line nr="239" mi="1" ci="0" mb="0" cb="0" />
      <line nr="240" mi="1" ci="0" mb="0" cb="0" />
      <line nr="242" mi="1" ci="0" mb="0" cb="0" />
      <line nr="243" mi="1" ci="0" mb="0" cb="0" />
      <line nr="244" mi="1" ci="0" mb="0" cb="0" />
      <line nr="245" mi="1" ci="0" mb="0" cb="0" />
      <line nr="246" mi="1" ci="0" mb="0" cb="0" />
      <line nr="247" mi="1" ci="0" mb="0" cb="0" />
      <line nr="248" mi="1" ci="0" mb="0" cb="0" />
      <line nr="249" mi="1" ci="0" mb="0" cb="0" />
      <line nr="250" mi="1" ci="0" mb="0" cb="0" />
      <line nr="251" mi="1" ci="0" mb="0" cb="0" />
      <line nr="252" mi="1" ci="0" mb="0" cb="0" />
      <line nr="253" mi="1" ci="0" mb="0" cb="0" />
      <line nr="256" mi="1" ci="0" mb="0" cb="0" />
      <line nr="257" mi="1" ci="0" mb="0" cb="0" />
      <line nr="261" mi="1" ci="0" mb="0" cb="0" />
      <line nr="262" mi="1" ci="0" mb="0" cb="0" />
      <line nr="263" mi="1" ci="0" mb="0" cb="0" />
      <line nr="264" mi="2" ci="0" mb="0" cb="0" />
      <line nr="265" mi="1" ci="0" mb="0" cb="0" />
      <line nr="266" mi="1" ci="0" mb="0" cb="0" />
      <line nr="278" mi="1" ci="0" mb="0" cb="0" />
      <line nr="280" mi="1" ci="0" mb="0" cb="0" />
      <line nr="281" mi="1" ci="0" mb="0" cb="0" />
      <line nr="285" mi="1" ci="0" mb="0" cb="0" />
      <line nr="289" mi="1" ci="0" mb="0" cb="0" />
      <line nr="302" mi="2" ci="0" mb="0" cb="0" />
      <line nr="304" mi="1" ci="0" mb="0" cb="0" />
      <line nr="306" mi="1" ci="0" mb="0" cb="0" />
      <line nr="307" mi="1" ci="0" mb="0" cb="0" />
      <line nr="308" mi="1" ci="0" mb="0" cb="0" />
      <line nr="310" mi="1" ci="0" mb="0" cb="0" />
      <line nr="313" mi="1" ci="0" mb="0" cb="0" />
      <line nr="314" mi="1" ci="0" mb="0" cb="0" />
      <line nr="325" mi="1" ci="0" mb="0" cb="0" />
      <line nr="326" mi="2" ci="0" mb="0" cb="0" />
      <line nr="327" mi="1" ci="0" mb="0" cb="0" />
      <line nr="328" mi="1" ci="0" mb="0" cb="0" />
      <line nr="329" mi="1" ci="0" mb="0" cb="0" />
      <line nr="330" mi="1" ci="0" mb="0" cb="0" />
      <line nr="331" mi="1" ci="0" mb="0" cb="0" />
      <line nr="332" mi="1" ci="0" mb="0" cb="0" />
      <line nr="333" mi="1" ci="0" mb="0" cb="0" />
      <line nr="356" mi="1" ci="0" mb="0" cb="0" />
      <line nr="357" mi="1" ci="0" mb="0" cb="0" />
      <line nr="361" mi="1" ci="0" mb="0" cb="0" />
      <line nr="362" mi="1" ci="0" mb="0" cb="0" />
      <line nr="363" mi="1" ci="0" mb="0" cb="0" />
      <line nr="366" mi="1" ci="0" mb="0" cb="0" />
      <line nr="369" mi="2" ci="0" mb="0" cb="0" />
      <line nr="370" mi="1" ci="0" mb="0" cb="0" />
      <line nr="373" mi="1" ci="0" mb="0" cb="0" />
      <line nr="374" mi="1" ci="0" mb="0" cb="0" />
      <line nr="375" mi="1" ci="0" mb="0" cb="0" />
      <line nr="379" mi="1" ci="0" mb="0" cb="0" />
      <line nr="380" mi="1" ci="0" mb="0" cb="0" />
      <line nr="381" mi="1" ci="0" mb="0" cb="0" />
      <line nr="382" mi="1" ci="0" mb="0" cb="0" />
      <line nr="391" mi="1" ci="0" mb="0" cb="0" />
      <line nr="392" mi="1" ci="0" mb="0" cb="0" />
      <line nr="395" mi="1" ci="0" mb="0" cb="0" />
      <line nr="396" mi="1" ci="0" mb="0" cb="0" />
      <line nr="410" mi="1" ci="0" mb="0" cb="0" />
      <line nr="411" mi="2" ci="0" mb="0" cb="0" />
      <line nr="412" mi="1" ci="0" mb="0" cb="0" />
      <line nr="417" mi="1" ci="0" mb="0" cb="0" />
      <line nr="418" mi="1" ci="0" mb="0" cb="0" />
      <line nr="419" mi="1" ci="0" mb="0" cb="0" />
      <line nr="420" mi="1" ci="0" mb="0" cb="0" />
      <line nr="424" mi="1" ci="0" mb="0" cb="0" />
      <line nr="426" mi="1" ci="0" mb="0" cb="0" />
      <line nr="427" mi="1" ci="0" mb="0" cb="0" />
      <line nr="430" mi="1" ci="0" mb="0" cb="0" />
      <line nr="431" mi="1" ci="0" mb="0" cb="0" />
      <line nr="433" mi="1" ci="0" mb="0" cb="0" />
      <line nr="434" mi="1" ci="0" mb="0" cb="0" />
      <line nr="435" mi="1" ci="0" mb="0" cb="0" />
      <line nr="440" mi="1" ci="0" mb="0" cb="0" />
      <line nr="444" mi="1" ci="0" mb="0" cb="0" />
      <line nr="445" mi="1" ci="0" mb="0" cb="0" />
      <line nr="446" mi="1" ci="0" mb="0" cb="0" />
      <line nr="447" mi="1" ci="0" mb="0" cb="0" />
      <line nr="448" mi="1" ci="0" mb="0" cb="0" />
      <line nr="451" mi="1" ci="0" mb="0" cb="0" />
      <line nr="452" mi="1" ci="0" mb="0" cb="0" />
      <line nr="456" mi="1" ci="0" mb="0" cb="0" />
      <line nr="457" mi="1" ci="0" mb="0" cb="0" />
      <line nr="462" mi="1" ci="0" mb="0" cb="0" />
      <line nr="629" mi="2" ci="0" mb="0" cb="0" />
      <line nr="634" mi="1" ci="0" mb="0" cb="0" />
      <line nr="635" mi="1" ci="0" mb="0" cb="0" />
      <line nr="637" mi="1" ci="0" mb="0" cb="0" />
      <line nr="638" mi="1" ci="0" mb="0" cb="0" />
      <line nr="639" mi="2" ci="0" mb="0" cb="0" />
      <line nr="640" mi="1" ci="0" mb="0" cb="0" />
      <line nr="642" mi="1" ci="0" mb="0" cb="0" />
      <line nr="644" mi="1" ci="0" mb="0" cb="0" />
      <line nr="645" mi="4" ci="0" mb="0" cb="0" />
      <line nr="647" mi="1" ci="0" mb="0" cb="0" />
      <line nr="652" mi="3" ci="0" mb="0" cb="0" />
      <line nr="655" mi="1" ci="0" mb="0" cb="0" />
      <line nr="656" mi="1" ci="0" mb="0" cb="0" />
      <line nr="657" mi="3" ci="0" mb="0" cb="0" />
      <line nr="659" mi="1" ci="0" mb="0" cb="0" />
      <line nr="660" mi="1" ci="0" mb="0" cb="0" />
      <line nr="662" mi="1" ci="0" mb="0" cb="0" />
      <line nr="666" mi="3" ci="0" mb="0" cb="0" />
      <line nr="667" mi="1" ci="0" mb="0" cb="0" />
      <line nr="668" mi="1" ci="0" mb="0" cb="0" />
      <line nr="670" mi="2" ci="0" mb="0" cb="0" />
      <line nr="673" mi="1" ci="0" mb="0" cb="0" />
      <line nr="675" mi="1" ci="0" mb="0" cb="0" />
      <line nr="676" mi="3" ci="0" mb="0" cb="0" />
      <line nr="688" mi="1" ci="0" mb="0" cb="0" />
      <line nr="689" mi="1" ci="0" mb="0" cb="0" />
      <line nr="692" mi="1" ci="0" mb="0" cb="0" />
      <line nr="693" mi="1" ci="0" mb="0" cb="0" />
      <line nr="695" mi="1" ci="0" mb="0" cb="0" />
      <line nr="698" mi="1" ci="0" mb="0" cb="0" />
      <line nr="723" mi="1" ci="0" mb="0" cb="0" />
      <line nr="724" mi="1" ci="0" mb="0" cb="0" />
      <line nr="726" mi="1" ci="0" mb="0" cb="0" />
      <line nr="727" mi="1" ci="0" mb="0" cb="0" />
      <line nr="731" mi="1" ci="0" mb="0" cb="0" />
      <line nr="732" mi="2" ci="0" mb="0" cb="0" />
      <line nr="733" mi="2" ci="0" mb="0" cb="0" />
      <line nr="741" mi="3" ci="0" mb="0" cb="0" />
      <line nr="744" mi="2" ci="0" mb="0" cb="0" />
      <line nr="745" mi="1" ci="0" mb="0" cb="0" />
      <line nr="746" mi="3" ci="0" mb="0" cb="0" />
      <line nr="747" mi="2" ci="0" mb="0" cb="0" />
      <line nr="748" mi="1" ci="0" mb="0" cb="0" />
      <line nr="749" mi="3" ci="0" mb="0" cb="0" />
      <line nr="750" mi="1" ci="0" mb="0" cb="0" />
      <line nr="755" mi="1" ci="0" mb="0" cb="0" />
      <line nr="757" mi="2" ci="0" mb="0" cb="0" />
      <line nr="758" mi="1" ci="0" mb="0" cb="0" />
      <line nr="760" mi="1" ci="0" mb="0" cb="0" />
      <line nr="761" mi="1" ci="0" mb="0" cb="0" />
      <line nr="764" mi="1" ci="0" mb="0" cb="0" />
      <line nr="768" mi="1" ci="0" mb="0" cb="0" />
      <line nr="774" mi="1" ci="0" mb="0" cb="0" />
      <line nr="775" mi="2" ci="0" mb="0" cb="0" />
      <line nr="786" mi="1" ci="0" mb="0" cb="0" />
      <line nr="787" mi="2" ci="0" mb="0" cb="0" />
      <line nr="791" mi="1" ci="0" mb="0" cb="0" />
      <line nr="811" mi="2" ci="0" mb="0" cb="0" />
      <line nr="812" mi="1" ci="0" mb="0" cb="0" />
      <line nr="816" mi="2" ci="0" mb="0" cb="0" />
      <line nr="817" mi="1" ci="0" mb="0" cb="0" />
      <line nr="818" mi="1" ci="0" mb="0" cb="0" />
      <line nr="819" mi="1" ci="0" mb="0" cb="0" />
      <line nr="824" mi="1" ci="0" mb="0" cb="0" />
      <line nr="825" mi="1" ci="0" mb="0" cb="0" />
      <line nr="826" mi="1" ci="0" mb="0" cb="0" />
      <line nr="827" mi="1" ci="0" mb="0" cb="0" />
      <line nr="828" mi="1" ci="0" mb="0" cb="0" />
      <line nr="829" mi="1" ci="0" mb="0" cb="0" />
      <line nr="830" mi="1" ci="0" mb="0" cb="0" />
      <line nr="832" mi="1" ci="0" mb="0" cb="0" />
      <line nr="835" mi="1" ci="0" mb="0" cb="0" />
      <line nr="840" mi="1" ci="0" mb="0" cb="0" />
      <line nr="857" mi="1" ci="0" mb="0" cb="0" />
      <line nr="858" mi="1" ci="0" mb="0" cb="0" />
      <line nr="859" mi="1" ci="0" mb="0" cb="0" />
      <line nr="860" mi="1" ci="0" mb="0" cb="0" />
      <line nr="861" mi="1" ci="0" mb="0" cb="0" />
      <line nr="862" mi="1" ci="0" mb="0" cb="0" />
      <line nr="863" mi="1" ci="0" mb="0" cb="0" />
      <line nr="865" mi="1" ci="0" mb="0" cb="0" />
      <line nr="866" mi="2" ci="0" mb="0" cb="0" />
      <line nr="867" mi="2" ci="0" mb="0" cb="0" />
      <line nr="870" mi="3" ci="0" mb="0" cb="0" />
      <line nr="871" mi="1" ci="0" mb="0" cb="0" />
      <line nr="874" mi="1" ci="0" mb="0" cb="0" />
      <line nr="888" mi="1" ci="0" mb="0" cb="0" />
      <line nr="889" mi="5" ci="0" mb="0" cb="0" />
      <line nr="890" mi="5" ci="0" mb="0" cb="0" />
      <line nr="891" mi="5" ci="0" mb="0" cb="0" />
      <line nr="892" mi="5" ci="0" mb="0" cb="0" />
      <line nr="893" mi="5" ci="0" mb="0" cb="0" />
      <line nr="894" mi="5" ci="0" mb="0" cb="0" />
      <line nr="895" mi="5" ci="0" mb="0" cb="0" />
      <line nr="896" mi="5" ci="0" mb="0" cb="0" />
      <line nr="897" mi="5" ci="0" mb="0" cb="0" />
      <line nr="899" mi="2" ci="0" mb="0" cb="0" />
      <line nr="905" mi="2" ci="0" mb="0" cb="0" />
      <line nr="908" mi="1" ci="0" mb="0" cb="0" />
      <line nr="910" mi="1" ci="0" mb="0" cb="0" />
      <line nr="911" mi="1" ci="0" mb="0" cb="0" />
      <line nr="912" mi="1" ci="0" mb="0" cb="0" />
      <line nr="914" mi="1" ci="0" mb="0" cb="0" />
      <line nr="915" mi="1" ci="0" mb="0" cb="0" />
      <line nr="916" mi="4" ci="0" mb="0" cb="0" />
      <line nr="917" mi="1" ci="0" mb="0" cb="0" />
      <line nr="918" mi="1" ci="0" mb="0" cb="0" />
      <line nr="922" mi="2" ci="0" mb="0" cb="0" />
      <line nr="923" mi="1" ci="0" mb="0" cb="0" />
      <line nr="924" mi="1" ci="0" mb="0" cb="0" />
      <line nr="928" mi="1" ci="0" mb="0" cb="0" />
      <line nr="929" mi="1" ci="0" mb="0" cb="0" />
      <line nr="930" mi="1" ci="0" mb="0" cb="0" />
      <line nr="932" mi="1" ci="0" mb="0" cb="0" />
      <line nr="933" mi="1" ci="0" mb="0" cb="0" />
      <line nr="934" mi="1" ci="0" mb="0" cb="0" />
      <line nr="939" mi="1" ci="0" mb="0" cb="0" />
      <line nr="940" mi="1" ci="0" mb="0" cb="0" />
      <line nr="941" mi="1" ci="0" mb="0" cb="0" />
      <line nr="942" mi="1" ci="0" mb="0" cb="0" />
      <line nr="943" mi="1" ci="0" mb="0" cb="0" />
      <line nr="946" mi="2" ci="0" mb="0" cb="0" />
      <line nr="951" mi="2" ci="0" mb="0" cb="0" />
      <line nr="952" mi="1" ci="0" mb="0" cb="0" />
      <line nr="953" mi="3" ci="0" mb="0" cb="0" />
      <line nr="954" mi="1" ci="0" mb="0" cb="0" />
      <line nr="955" mi="1" ci="0" mb="0" cb="0" />
      <line nr="956" mi="1" ci="0" mb="0" cb="0" />
      <line nr="961" mi="2" ci="0" mb="0" cb="0" />
      <line nr="962" mi="1" ci="0" mb="0" cb="0" />
      <line nr="963" mi="1" ci="0" mb="0" cb="0" />
      <line nr="967" mi="2" ci="0" mb="0" cb="0" />
      <line nr="968" mi="1" ci="0" mb="0" cb="0" />
      <line nr="969" mi="1" ci="0" mb="0" cb="0" />
      <line nr="972" mi="1" ci="0" mb="0" cb="0" />
      <line nr="973" mi="1" ci="0" mb="0" cb="0" />
      <line nr="975" mi="1" ci="0" mb="0" cb="0" />
      <line nr="985" mi="1" ci="0" mb="0" cb="0" />
      <line nr="986" mi="2" ci="0" mb="0" cb="0" />
      <line nr="990" mi="3" ci="0" mb="0" cb="0" />
      <line nr="993" mi="1" ci="0" mb="0" cb="0" />
      <line nr="994" mi="1" ci="0" mb="0" cb="0" />
      <line nr="995" mi="1" ci="0" mb="0" cb="0" />
      <line nr="998" mi="1" ci="0" mb="0" cb="0" />
      <line nr="999" mi="1" ci="0" mb="0" cb="0" />
      <line nr="1005" mi="1" ci="0" mb="0" cb="0" />
      <line nr="1016" mi="1" ci="0" mb="0" cb="0" />
      <line nr="1017" mi="1" ci="0" mb="0" cb="0" />
      <line nr="1018" mi="1" ci="0" mb="0" cb="0" />
      <line nr="1020" mi="1" ci="0" mb="0" cb="0" />
      <line nr="1028" mi="1" ci="0" mb="0" cb="0" />
      <line nr="1029" mi="6" ci="0" mb="0" cb="0" />
      <line nr="1030" mi="1" ci="0" mb="0" cb="0" />
      <line nr="1045" mi="1" ci="0" mb="0" cb="0" />
      <line nr="1046" mi="1" ci="0" mb="0" cb="0" />
      <line nr="1047" mi="1" ci="0" mb="0" cb="0" />
      <line nr="1048" mi="2" ci="0" mb="0" cb="0" />
      <line nr="1049" mi="1" ci="0" mb="0" cb="0" />
      <line nr="1050" mi="1" ci="0" mb="0" cb="0" />
      <line nr="1051" mi="2" ci="0" mb="0" cb="0" />
      <line nr="1052" mi="2" ci="0" mb="0" cb="0" />
      <line nr="1053" mi="2" ci="0" mb="0" cb="0" />
      <line nr="1054" mi="2" ci="0" mb="0" cb="0" />
      <line nr="1055" mi="1" ci="0" mb="0" cb="0" />
      <line nr="1056" mi="1" ci="0" mb="0" cb="0" />
      <line nr="1057" mi="1" ci="0" mb="0" cb="0" />
      <line nr="1058" mi="1" ci="0" mb="0" cb="0" />
      <line nr="1060" mi="2" ci="0" mb="0" cb="0" />
      <line nr="1061" mi="1" ci="0" mb="0" cb="0" />
      <line nr="1064" mi="1" ci="0" mb="0" cb="0" />
      <line nr="1083" mi="1" ci="0" mb="0" cb="0" />
      <line nr="1084" mi="1" ci="0" mb="0" cb="0" />
      <line nr="1086" mi="1" ci="0" mb="0" cb="0" />
      <line nr="1088" mi="1" ci="0" mb="0" cb="0" />
      <line nr="1089" mi="1" ci="0" mb="0" cb="0" />
      <line nr="1090" mi="1" ci="0" mb="0" cb="0" />
      <line nr="1091" mi="1" ci="0" mb="0" cb="0" />
      <line nr="1093" mi="1" ci="0" mb="0" cb="0" />
      <line nr="1096" mi="1" ci="0" mb="0" cb="0" />
      <line nr="1125" mi="3" ci="0" mb="0" cb="0" />
      <line nr="1126" mi="1" ci="0" mb="0" cb="0" />
      <line nr="1131" mi="1" ci="0" mb="0" cb="0" />
      <line nr="1132" mi="1" ci="0" mb="0" cb="0" />
      <line nr="1133" mi="1" ci="0" mb="0" cb="0" />
      <line nr="1134" mi="1" ci="0" mb="0" cb="0" />
      <line nr="1137" mi="1" ci="0" mb="0" cb="0" />
      <line nr="1140" mi="1" ci="0" mb="0" cb="0" />
      <line nr="1144" mi="1" ci="0" mb="0" cb="0" />
      <line nr="1160" mi="1" ci="0" mb="0" cb="0" />
      <line nr="1164" mi="1" ci="0" mb="0" cb="0" />
      <line nr="1171" mi="1" ci="0" mb="0" cb="0" />
      <line nr="1172" mi="1" ci="0" mb="0" cb="0" />
      <line nr="1178" mi="1" ci="0" mb="0" cb="0" />
      <line nr="1179" mi="1" ci="0" mb="0" cb="0" />
      <line nr="1181" mi="1" ci="0" mb="0" cb="0" />
      <line nr="1184" mi="1" ci="0" mb="0" cb="0" />
      <line nr="1207" mi="1" ci="0" mb="0" cb="0" />
      <line nr="1209" mi="1" ci="0" mb="0" cb="0" />
      <line nr="1212" mi="1" ci="0" mb="0" cb="0" />
      <line nr="1215" mi="1" ci="0" mb="0" cb="0" />
      <line nr="1216" mi="1" ci="0" mb="0" cb="0" />
      <line nr="1217" mi="1" ci="0" mb="0" cb="0" />
      <line nr="1218" mi="1" ci="0" mb="0" cb="0" />
      <line nr="1221" mi="1" ci="0" mb="0" cb="0" />
      <line nr="1223" mi="1" ci="0" mb="0" cb="0" />
      <line nr="1224" mi="1" ci="0" mb="0" cb="0" />
      <line nr="1225" mi="1" ci="0" mb="0" cb="0" />
      <line nr="1226" mi="1" ci="0" mb="0" cb="0" />
      <line nr="1227" mi="1" ci="0" mb="0" cb="0" />
      <line nr="1231" mi="1" ci="0" mb="0" cb="0" />
      <line nr="1232" mi="1" ci="0" mb="0" cb="0" />
      <line nr="1233" mi="1" ci="0" mb="0" cb="0" />
      <line nr="1234" mi="1" ci="0" mb="0" cb="0" />
      <line nr="1235" mi="1" ci="0" mb="0" cb="0" />
      <line nr="1239" mi="1" ci="0" mb="0" cb="0" />
      <line nr="1240" mi="1" ci="0" mb="0" cb="0" />
      <line nr="1241" mi="1" ci="0" mb="0" cb="0" />
      <line nr="1242" mi="1" ci="0" mb="0" cb="0" />
      <line nr="1243" mi="1" ci="0" mb="0" cb="0" />
      <line nr="1249" mi="1" ci="0" mb="0" cb="0" />
      <line nr="1252" mi="1" ci="0" mb="0" cb="0" />
      <line nr="1255" mi="1" ci="0" mb="0" cb="0" />
      <line nr="1256" mi="1" ci="0" mb="0" cb="0" />
      <line nr="1258" mi="1" ci="0" mb="0" cb="0" />
      <line nr="1259" mi="1" ci="0" mb="0" cb="0" />
      <line nr="1260" mi="2" ci="0" mb="0" cb="0" />
      <line nr="1261" mi="1" ci="0" mb="0" cb="0" />
      <line nr="1262" mi="1" ci="0" mb="0" cb="0" />
      <line nr="1264" mi="1" ci="0" mb="0" cb="0" />
      <line nr="1267" mi="1" ci="0" mb="0" cb="0" />
      <line nr="1268" mi="1" ci="0" mb="0" cb="0" />
      <line nr="1269" mi="1" ci="0" mb="0" cb="0" />
      <line nr="1274" mi="1" ci="0" mb="0" cb="0" />
      <line nr="1277" mi="1" ci="0" mb="0" cb="0" />
      <line nr="1278" mi="2" ci="0" mb="0" cb="0" />
      <line nr="1279" mi="1" ci="0" mb="0" cb="0" />
      <line nr="1282" mi="2" ci="0" mb="0" cb="0" />
      <line nr="1283" mi="1" ci="0" mb="0" cb="0" />
      <line nr="1285" mi="1" ci="0" mb="0" cb="0" />
      <line nr="1286" mi="1" ci="0" mb="0" cb="0" />
      <line nr="1287" mi="1" ci="0" mb="0" cb="0" />
      <line nr="1288" mi="1" ci="0" mb="0" cb="0" />
      <line nr="1289" mi="1" ci="0" mb="0" cb="0" />
      <line nr="1290" mi="1" ci="0" mb="0" cb="0" />
      <line nr="1292" mi="1" ci="0" mb="0" cb="0" />
      <line nr="1293" mi="1" ci="0" mb="0" cb="0" />
      <line nr="1294" mi="1" ci="0" mb="0" cb="0" />
      <line nr="1295" mi="1" ci="0" mb="0" cb="0" />
      <line nr="1298" mi="1" ci="0" mb="0" cb="0" />
      <line nr="1299" mi="1" ci="0" mb="0" cb="0" />
      <line nr="1305" mi="3" ci="0" mb="0" cb="0" />
      <line nr="1306" mi="3" ci="0" mb="0" cb="0" />
      <line nr="1307" mi="3" ci="0" mb="0" cb="0" />
      <line nr="1308" mi="1" ci="0" mb="0" cb="0" />
      <line nr="1309" mi="2" ci="0" mb="0" cb="0" />
      <line nr="1310" mi="1" ci="0" mb="0" cb="0" />
      <line nr="1311" mi="1" ci="0" mb="0" cb="0" />
      <line nr="1313" mi="1" ci="0" mb="0" cb="0" />
      <line nr="1316" mi="1" ci="0" mb="0" cb="0" />
      <line nr="1335" mi="1" ci="0" mb="0" cb="0" />
      <line nr="1338" mi="1" ci="0" mb="0" cb="0" />
      <line nr="1339" mi="3" ci="0" mb="0" cb="0" />
      <line nr="1342" mi="1" ci="0" mb="0" cb="0" />
      <line nr="1346" mi="1" ci="0" mb="0" cb="0" />
      <line nr="1347" mi="3" ci="0" mb="0" cb="0" />
      <line nr="1348" mi="1" ci="0" mb="0" cb="0" />
      <line nr="1351" mi="1" ci="0" mb="0" cb="0" />
      <line nr="1352" mi="1" ci="0" mb="0" cb="0" />
      <line nr="1353" mi="1" ci="0" mb="0" cb="0" />
      <line nr="1354" mi="1" ci="0" mb="0" cb="0" />
      <line nr="1357" mi="1" ci="0" mb="0" cb="0" />
      <line nr="1358" mi="1" ci="0" mb="0" cb="0" />
      <line nr="1359" mi="1" ci="0" mb="0" cb="0" />
      <line nr="1360" mi="1" ci="0" mb="0" cb="0" />
      <line nr="1363" mi="1" ci="0" mb="0" cb="0" />
      <line nr="1364" mi="1" ci="0" mb="0" cb="0" />
      <line nr="1368" mi="1" ci="0" mb="0" cb="0" />
      <line nr="1369" mi="1" ci="0" mb="0" cb="0" />
      <line nr="1373" mi="3" ci="0" mb="0" cb="0" />
      <line nr="1374" mi="1" ci="0" mb="0" cb="0" />
      <line nr="1375" mi="1" ci="0" mb="0" cb="0" />
      <line nr="1378" mi="1" ci="0" mb="0" cb="0" />
      <line nr="1379" mi="1" ci="0" mb="0" cb="0" />
      <line nr="1382" mi="1" ci="0" mb="0" cb="0" />
      <line nr="1383" mi="1" ci="0" mb="0" cb="0" />
      <line nr="1386" mi="1" ci="0" mb="0" cb="0" />
      <line nr="1387" mi="1" ci="0" mb="0" cb="0" />
      <line nr="1390" mi="1" ci="0" mb="0" cb="0" />
      <line nr="1391" mi="1" ci="0" mb="0" cb="0" />
      <line nr="1394" mi="1" ci="0" mb="0" cb="0" />
      <line nr="1395" mi="1" ci="0" mb="0" cb="0" />
      <line nr="1398" mi="1" ci="0" mb="0" cb="0" />
      <line nr="1399" mi="1" ci="0" mb="0" cb="0" />
      <line nr="1400" mi="1" ci="0" mb="0" cb="0" />
      <line nr="1404" mi="1" ci="0" mb="0" cb="0" />
      <line nr="1421" mi="1" ci="0" mb="0" cb="0" />
      <line nr="1422" mi="1" ci="0" mb="0" cb="0" />
      <line nr="1423" mi="2" ci="0" mb="0" cb="0" />
      <line nr="1424" mi="1" ci="0" mb="0" cb="0" />
      <line nr="1425" mi="1" ci="0" mb="0" cb="0" />
      <line nr="1426" mi="1" ci="0" mb="0" cb="0" />
      <line nr="1427" mi="1" ci="0" mb="0" cb="0" />
      <line nr="1428" mi="2" ci="0" mb="0" cb="0" />
      <line nr="1429" mi="1" ci="0" mb="0" cb="0" />
      <line nr="1431" mi="1" ci="0" mb="0" cb="0" />
      <line nr="1432" mi="1" ci="0" mb="0" cb="0" />
      <line nr="1433" mi="2" ci="0" mb="0" cb="0" />
      <line nr="1436" mi="1" ci="0" mb="0" cb="0" />
      <line nr="1437" mi="1" ci="0" mb="0" cb="0" />
      <line nr="1441" mi="2" ci="0" mb="0" cb="0" />
      <line nr="1442" mi="1" ci="0" mb="0" cb="0" />
      <line nr="1444" mi="1" ci="0" mb="0" cb="0" />
      <line nr="1445" mi="1" ci="0" mb="0" cb="0" />
      <line nr="1446" mi="2" ci="0" mb="0" cb="0" />
      <line nr="1447" mi="2" ci="0" mb="0" cb="0" />
      <line nr="1448" mi="1" ci="0" mb="0" cb="0" />
      <line nr="1449" mi="1" ci="0" mb="0" cb="0" />
      <line nr="1450" mi="1" ci="0" mb="0" cb="0" />
      <line nr="1452" mi="1" ci="0" mb="0" cb="0" />
      <line nr="1453" mi="1" ci="0" mb="0" cb="0" />
      <line nr="1454" mi="1" ci="0" mb="0" cb="0" />
      <line nr="1455" mi="2" ci="0" mb="0" cb="0" />
      <line nr="1456" mi="2" ci="0" mb="0" cb="0" />
      <line nr="1457" mi="1" ci="0" mb="0" cb="0" />
      <line nr="1458" mi="1" ci="0" mb="0" cb="0" />
      <line nr="1460" mi="1" ci="0" mb="0" cb="0" />
      <line nr="1462" mi="1" ci="0" mb="0" cb="0" />
      <line nr="1463" mi="1" ci="0" mb="0" cb="0" />
      <line nr="1464" mi="1" ci="0" mb="0" cb="0" />
      <line nr="1465" mi="2" ci="0" mb="0" cb="0" />
      <line nr="1466" mi="1" ci="0" mb="0" cb="0" />
      <line nr="1467" mi="1" ci="0" mb="0" cb="0" />
      <line nr="1468" mi="1" ci="0" mb="0" cb="0" />
      <line nr="1469" mi="1" ci="0" mb="0" cb="0" />
      <line nr="1472" mi="1" ci="0" mb="0" cb="0" />
      <line nr="1473" mi="2" ci="0" mb="0" cb="0" />
      <line nr="1474" mi="2" ci="0" mb="0" cb="0" />
      <line nr="1475" mi="3" ci="0" mb="0" cb="0" />
      <line nr="1476" mi="3" ci="0" mb="0" cb="0" />
      <line nr="1477" mi="1" ci="0" mb="0" cb="0" />
      <line nr="1478" mi="1" ci="0" mb="0" cb="0" />
      <line nr="1479" mi="1" ci="0" mb="0" cb="0" />
      <line nr="1480" mi="1" ci="0" mb="0" cb="0" />
      <line nr="1483" mi="1" ci="0" mb="0" cb="0" />
      <line nr="1484" mi="1" ci="0" mb="0" cb="0" />
      <line nr="1485" mi="2" ci="0" mb="0" cb="0" />
      <line nr="1486" mi="2" ci="0" mb="0" cb="0" />
      <line nr="1487" mi="1" ci="0" mb="0" cb="0" />
      <line nr="1488" mi="1" ci="0" mb="0" cb="0" />
      <line nr="1489" mi="1" ci="0" mb="0" cb="0" />
      <line nr="1492" mi="1" ci="0" mb="0" cb="0" />
      <line nr="1493" mi="1" ci="0" mb="0" cb="0" />
      <line nr="1494" mi="2" ci="0" mb="0" cb="0" />
      <line nr="1495" mi="2" ci="0" mb="0" cb="0" />
      <line nr="1496" mi="1" ci="0" mb="0" cb="0" />
      <line nr="1497" mi="3" ci="0" mb="0" cb="0" />
      <line nr="1499" mi="1" ci="0" mb="0" cb="0" />
      <line nr="1500" mi="2" ci="0" mb="0" cb="0" />
      <line nr="1501" mi="1" ci="0" mb="0" cb="0" />
      <line nr="1502" mi="1" ci="0" mb="0" cb="0" />
      <line nr="1503" mi="1" ci="0" mb="0" cb="0" />
      <line nr="1506" mi="1" ci="0" mb="0" cb="0" />
      <line nr="1507" mi="1" ci="0" mb="0" cb="0" />
      <line nr="1508" mi="2" ci="0" mb="0" cb="0" />
      <line nr="1509" mi="2" ci="0" mb="0" cb="0" />
      <line nr="1510" mi="1" ci="0" mb="0" cb="0" />
      <line nr="1511" mi="1" ci="0" mb="0" cb="0" />
      <line nr="1512" mi="1" ci="0" mb="0" cb="0" />
      <line nr="1513" mi="1" ci="0" mb="0" cb="0" />
      <line nr="1514" mi="3" ci="0" mb="0" cb="0" />
      <line nr="1515" mi="1" ci="0" mb="0" cb="0" />
      <line nr="1516" mi="1" ci="0" mb="0" cb="0" />
      <line nr="1517" mi="1" ci="0" mb="0" cb="0" />
      <line nr="1518" mi="1" ci="0" mb="0" cb="0" />
      <line nr="1521" mi="1" ci="0" mb="0" cb="0" />
      <line nr="1522" mi="2" ci="0" mb="0" cb="0" />
      <line nr="1523" mi="2" ci="0" mb="0" cb="0" />
      <line nr="1524" mi="1" ci="0" mb="0" cb="0" />
      <line nr="1525" mi="2" ci="0" mb="0" cb="0" />
      <line nr="1526" mi="1" ci="0" mb="0" cb="0" />
      <line nr="1527" mi="1" ci="0" mb="0" cb="0" />
      <line nr="1528" mi="1" ci="0" mb="0" cb="0" />
      <line nr="1529" mi="1" ci="0" mb="0" cb="0" />
      <line nr="1532" mi="1" ci="0" mb="0" cb="0" />
      <line nr="1533" mi="1" ci="0" mb="0" cb="0" />
      <line nr="1534" mi="1" ci="0" mb="0" cb="0" />
      <line nr="1537" mi="1" ci="0" mb="0" cb="0" />
      <line nr="1538" mi="1" ci="0" mb="0" cb="0" />
      <line nr="1542" mi="1" ci="0" mb="0" cb="0" />
      <line nr="1543" mi="1" ci="0" mb="0" cb="0" />
      <line nr="1544" mi="1" ci="0" mb="0" cb="0" />
      <line nr="1545" mi="1" ci="0" mb="0" cb="0" />
      <line nr="1546" mi="1" ci="0" mb="0" cb="0" />
      <line nr="1547" mi="1" ci="0" mb="0" cb="0" />
      <line nr="1548" mi="1" ci="0" mb="0" cb="0" />
      <line nr="1550" mi="1" ci="0" mb="0" cb="0" />
      <line nr="1551" mi="2" ci="0" mb="0" cb="0" />
      <line nr="1552" mi="1" ci="0" mb="0" cb="0" />
      <line nr="1553" mi="2" ci="0" mb="0" cb="0" />
      <line nr="1554" mi="1" ci="0" mb="0" cb="0" />
      <line nr="1556" mi="1" ci="0" mb="0" cb="0" />
      <line nr="1558" mi="1" ci="0" mb="0" cb="0" />
      <line nr="1560" mi="1" ci="0" mb="0" cb="0" />
      <line nr="1561" mi="2" ci="0" mb="0" cb="0" />
      <line nr="1563" mi="1" ci="0" mb="0" cb="0" />
      <line nr="1566" mi="1" ci="0" mb="0" cb="0" />
      <line nr="1567" mi="1" ci="0" mb="0" cb="0" />
      <line nr="1568" mi="1" ci="0" mb="0" cb="0" />
      <line nr="1569" mi="1" ci="0" mb="0" cb="0" />
      <line nr="1570" mi="1" ci="0" mb="0" cb="0" />
      <line nr="1571" mi="1" ci="0" mb="0" cb="0" />
      <line nr="1572" mi="1" ci="0" mb="0" cb="0" />
      <line nr="1574" mi="1" ci="0" mb="0" cb="0" />
      <line nr="1576" mi="1" ci="0" mb="0" cb="0" />
      <line nr="1578" mi="1" ci="0" mb="0" cb="0" />
      <line nr="1580" mi="1" ci="0" mb="0" cb="0" />
      <line nr="1581" mi="2" ci="0" mb="0" cb="0" />
      <line nr="1582" mi="1" ci="0" mb="0" cb="0" />
      <line nr="1584" mi="2" ci="0" mb="0" cb="0" />
      <line nr="1585" mi="1" ci="0" mb="0" cb="0" />
      <line nr="1586" mi="1" ci="0" mb="0" cb="0" />
      <line nr="1589" mi="1" ci="0" mb="0" cb="0" />
      <line nr="1592" mi="1" ci="0" mb="0" cb="0" />
      <line nr="1593" mi="1" ci="0" mb="0" cb="0" />
      <line nr="1594" mi="1" ci="0" mb="0" cb="0" />
      <line nr="1595" mi="1" ci="0" mb="0" cb="0" />
      <line nr="1596" mi="1" ci="0" mb="0" cb="0" />
      <line nr="1597" mi="1" ci="0" mb="0" cb="0" />
      <line nr="1598" mi="1" ci="0" mb="0" cb="0" />
      <line nr="1600" mi="1" ci="0" mb="0" cb="0" />
      <line nr="1602" mi="1" ci="0" mb="0" cb="0" />
      <line nr="1604" mi="1" ci="0" mb="0" cb="0" />
      <line nr="1606" mi="1" ci="0" mb="0" cb="0" />
      <line nr="1609" mi="1" ci="0" mb="0" cb="0" />
      <line nr="1612" mi="1" ci="0" mb="0" cb="0" />
      <line nr="1613" mi="1" ci="0" mb="0" cb="0" />
      <line nr="1614" mi="1" ci="0" mb="0" cb="0" />
      <line nr="1615" mi="1" ci="0" mb="0" cb="0" />
      <line nr="1616" mi="1" ci="0" mb="0" cb="0" />
      <line nr="1617" mi="1" ci="0" mb="0" cb="0" />
      <line nr="1618" mi="1" ci="0" mb="0" cb="0" />
      <line nr="1620" mi="1" ci="0" mb="0" cb="0" />
      <line nr="1621" mi="2" ci="0" mb="0" cb="0" />
      <line nr="1622" mi="1" ci="0" mb="0" cb="0" />
      <line nr="1624" mi="1" ci="0" mb="0" cb="0" />
      <line nr="1626" mi="1" ci="0" mb="0" cb="0" />
      <line nr="1628" mi="1" ci="0" mb="0" cb="0" />
      <line nr="1629" mi="2" ci="0" mb="0" cb="0" />
      <line nr="1630" mi="1" ci="0" mb="0" cb="0" />
      <line nr="1632" mi="1" ci="0" mb="0" cb="0" />
      <line nr="1634" mi="1" ci="0" mb="0" cb="0" />
      <line nr="1637" mi="1" ci="0" mb="0" cb="0" />
      <line nr="1640" mi="1" ci="0" mb="0" cb="0" />
      <line nr="1641" mi="1" ci="0" mb="0" cb="0" />
      <line nr="1642" mi="1" ci="0" mb="0" cb="0" />
      <line nr="1643" mi="1" ci="0" mb="0" cb="0" />
      <line nr="1644" mi="1" ci="0" mb="0" cb="0" />
      <line nr="1645" mi="1" ci="0" mb="0" cb="0" />
      <line nr="1646" mi="1" ci="0" mb="0" cb="0" />
      <line nr="1648" mi="1" ci="0" mb="0" cb="0" />
      <line nr="1650" mi="1" ci="0" mb="0" cb="0" />
      <line nr="1651" mi="2" ci="0" mb="0" cb="0" />
      <line nr="1652" mi="1" ci="0" mb="0" cb="0" />
      <line nr="1653" mi="2" ci="0" mb="0" cb="0" />
      <line nr="1654" mi="1" ci="0" mb="0" cb="0" />
      <line nr="1655" mi="2" ci="0" mb="0" cb="0" />
      <line nr="1656" mi="1" ci="0" mb="0" cb="0" />
      <line nr="1658" mi="1" ci="0" mb="0" cb="0" />
      <line nr="1660" mi="1" ci="0" mb="0" cb="0" />
      <line nr="1662" mi="1" ci="0" mb="0" cb="0" />
      <line nr="1664" mi="1" ci="0" mb="0" cb="0" />
      <line nr="1666" mi="1" ci="0" mb="0" cb="0" />
      <line nr="1667" mi="2" ci="0" mb="0" cb="0" />
      <line nr="1669" mi="1" ci="0" mb="0" cb="0" />
      <line nr="1672" mi="1" ci="0" mb="0" cb="0" />
      <line nr="1673" mi="1" ci="0" mb="0" cb="0" />
      <line nr="1674" mi="1" ci="0" mb="0" cb="0" />
      <line nr="1676" mi="1" ci="0" mb="0" cb="0" />
      <line nr="1677" mi="1" ci="0" mb="0" cb="0" />
      <line nr="1678" mi="2" ci="0" mb="0" cb="0" />
      <line nr="1679" mi="2" ci="0" mb="0" cb="0" />
      <line nr="1680" mi="1" ci="0" mb="0" cb="0" />
      <line nr="1681" mi="1" ci="0" mb="0" cb="0" />
      <line nr="1682" mi="1" ci="0" mb="0" cb="0" />
      <line nr="1683" mi="1" ci="0" mb="0" cb="0" />
      <line nr="1684" mi="1" ci="0" mb="0" cb="0" />
      <line nr="1686" mi="1" ci="0" mb="0" cb="0" />
      <line nr="1687" mi="1" ci="0" mb="0" cb="0" />
      <line nr="1688" mi="2" ci="0" mb="0" cb="0" />
      <line nr="1689" mi="2" ci="0" mb="0" cb="0" />
      <line nr="1690" mi="1" ci="0" mb="0" cb="0" />
      <line nr="1691" mi="1" ci="0" mb="0" cb="0" />
      <line nr="1692" mi="1" ci="0" mb="0" cb="0" />
      <line nr="1694" mi="1" ci="0" mb="0" cb="0" />
      <line nr="1695" mi="1" ci="0" mb="0" cb="0" />
      <line nr="1697" mi="1" ci="0" mb="0" cb="0" />
      <line nr="1698" mi="1" ci="0" mb="0" cb="0" />
      <line nr="1700" mi="1" ci="0" mb="0" cb="0" />
      <line nr="1702" mi="1" ci="0" mb="0" cb="0" />
      <line nr="1704" mi="1" ci="0" mb="0" cb="0" />
      <line nr="1705" mi="1" ci="0" mb="0" cb="0" />
      <line nr="1706" mi="1" ci="0" mb="0" cb="0" />
      <line nr="1707" mi="1" ci="0" mb="0" cb="0" />
      <line nr="1708" mi="1" ci="0" mb="0" cb="0" />
      <line nr="1709" mi="1" ci="0" mb="0" cb="0" />
      <line nr="1712" mi="1" ci="0" mb="0" cb="0" />
      <line nr="1713" mi="1" ci="0" mb="0" cb="0" />
      <line nr="1714" mi="1" ci="0" mb="0" cb="0" />
      <line nr="1715" mi="1" ci="0" mb="0" cb="0" />
      <line nr="1716" mi="1" ci="0" mb="0" cb="0" />
      <line nr="1717" mi="1" ci="0" mb="0" cb="0" />
      <line nr="1718" mi="1" ci="0" mb="0" cb="0" />
      <line nr="1719" mi="1" ci="0" mb="0" cb="0" />
      <line nr="1720" mi="1" ci="0" mb="0" cb="0" />
      <line nr="1721" mi="1" ci="0" mb="0" cb="0" />
      <line nr="1722" mi="1" ci="0" mb="0" cb="0" />
      <line nr="1723" mi="1" ci="0" mb="0" cb="0" />
      <line nr="1724" mi="1" ci="0" mb="0" cb="0" />
      <line nr="1727" mi="1" ci="0" mb="0" cb="0" />
      <line nr="1728" mi="1" ci="0" mb="0" cb="0" />
      <line nr="1729" mi="1" ci="0" mb="0" cb="0" />
      <line nr="1730" mi="1" ci="0" mb="0" cb="0" />
      <line nr="1731" mi="1" ci="0" mb="0" cb="0" />
      <line nr="1732" mi="3" ci="0" mb="0" cb="0" />
      <line nr="1733" mi="1" ci="0" mb="0" cb="0" />
      <line nr="1734" mi="1" ci="0" mb="0" cb="0" />
      <line nr="1737" mi="1" ci="0" mb="0" cb="0" />
      <line nr="1740" mi="1" ci="0" mb="0" cb="0" />
      <line nr="1741" mi="1" ci="0" mb="0" cb="0" />
      <line nr="1742" mi="1" ci="0" mb="0" cb="0" />
      <line nr="1743" mi="1" ci="0" mb="0" cb="0" />
      <line nr="1744" mi="1" ci="0" mb="0" cb="0" />
      <line nr="1745" mi="1" ci="0" mb="0" cb="0" />
      <line nr="1746" mi="1" ci="0" mb="0" cb="0" />
      <line nr="1747" mi="1" ci="0" mb="0" cb="0" />
      <line nr="1750" mi="1" ci="0" mb="0" cb="0" />
      <line nr="1751" mi="1" ci="0" mb="0" cb="0" />
      <line nr="1752" mi="1" ci="0" mb="0" cb="0" />
      <line nr="1756" mi="1" ci="0" mb="0" cb="0" />
      <line nr="1757" mi="1" ci="0" mb="0" cb="0" />
      <line nr="1758" mi="1" ci="0" mb="0" cb="0" />
      <line nr="1759" mi="1" ci="0" mb="0" cb="0" />
      <line nr="1760" mi="1" ci="0" mb="0" cb="0" />
      <line nr="1761" mi="1" ci="0" mb="0" cb="0" />
      <line nr="1762" mi="1" ci="0" mb="0" cb="0" />
      <line nr="1763" mi="1" ci="0" mb="0" cb="0" />
      <line nr="1764" mi="1" ci="0" mb="0" cb="0" />
      <line nr="1765" mi="1" ci="0" mb="0" cb="0" />
      <line nr="1766" mi="1" ci="0" mb="0" cb="0" />
      <line nr="1767" mi="1" ci="0" mb="0" cb="0" />
      <line nr="1770" mi="1" ci="0" mb="0" cb="0" />
      <line nr="1771" mi="1" ci="0" mb="0" cb="0" />
      <line nr="1772" mi="1" ci="0" mb="0" cb="0" />
      <line nr="1773" mi="1" ci="0" mb="0" cb="0" />
      <line nr="1776" mi="1" ci="0" mb="0" cb="0" />
      <line nr="1777" mi="2" ci="0" mb="0" cb="0" />
      <line nr="1779" mi="1" ci="0" mb="0" cb="0" />
      <line nr="1780" mi="2" ci="0" mb="0" cb="0" />
      <line nr="1784" mi="1" ci="0" mb="0" cb="0" />
      <line nr="1785" mi="1" ci="0" mb="0" cb="0" />
      <line nr="1786" mi="1" ci="0" mb="0" cb="0" />
      <line nr="1789" mi="1" ci="0" mb="0" cb="0" />
      <line nr="1792" mi="1" ci="0" mb="0" cb="0" />
      <line nr="1795" mi="2" ci="0" mb="0" cb="0" />
      <line nr="1808" mi="1" ci="0" mb="0" cb="0" />
      <line nr="1809" mi="2" ci="0" mb="0" cb="0" />
      <line nr="1810" mi="2" ci="0" mb="0" cb="0" />
      <line nr="1811" mi="1" ci="0" mb="0" cb="0" />
      <line nr="1812" mi="1" ci="0" mb="0" cb="0" />
      <line nr="1813" mi="1" ci="0" mb="0" cb="0" />
      <line nr="1814" mi="1" ci="0" mb="0" cb="0" />
      <line nr="1815" mi="1" ci="0" mb="0" cb="0" />
      <line nr="1816" mi="1" ci="0" mb="0" cb="0" />
      <line nr="1817" mi="2" ci="0" mb="0" cb="0" />
      <line nr="1818" mi="1" ci="0" mb="0" cb="0" />
      <line nr="1819" mi="1" ci="0" mb="0" cb="0" />
      <line nr="1821" mi="1" ci="0" mb="0" cb="0" />
      <line nr="1822" mi="1" ci="0" mb="0" cb="0" />
      <line nr="1823" mi="2" ci="0" mb="0" cb="0" />
      <line nr="1824" mi="1" ci="0" mb="0" cb="0" />
      <line nr="1825" mi="2" ci="0" mb="0" cb="0" />
      <line nr="1826" mi="1" ci="0" mb="0" cb="0" />
      <line nr="1827" mi="1" ci="0" mb="0" cb="0" />
      <line nr="1829" mi="1" ci="0" mb="0" cb="0" />
      <line nr="1830" mi="2" ci="0" mb="0" cb="0" />
      <line nr="1831" mi="2" ci="0" mb="0" cb="0" />
      <line nr="1832" mi="1" ci="0" mb="0" cb="0" />
      <line nr="1833" mi="2" ci="0" mb="0" cb="0" />
      <line nr="1834" mi="1" ci="0" mb="0" cb="0" />
      <line nr="1835" mi="1" ci="0" mb="0" cb="0" />
      <line nr="1837" mi="1" ci="0" mb="0" cb="0" />
      <line nr="1838" mi="1" ci="0" mb="0" cb="0" />
      <line nr="1839" mi="2" ci="0" mb="0" cb="0" />
      <line nr="1840" mi="1" ci="0" mb="0" cb="0" />
      <line nr="1841" mi="2" ci="0" mb="0" cb="0" />
      <line nr="1842" mi="2" ci="0" mb="0" cb="0" />
      <line nr="1843" mi="1" ci="0" mb="0" cb="0" />
      <line nr="1845" mi="1" ci="0" mb="0" cb="0" />
      <line nr="1846" mi="1" ci="0" mb="0" cb="0" />
      <line nr="1847" mi="2" ci="0" mb="0" cb="0" />
      <line nr="1848" mi="2" ci="0" mb="0" cb="0" />
      <line nr="1849" mi="1" ci="0" mb="0" cb="0" />
      <line nr="1851" mi="1" ci="0" mb="0" cb="0" />
      <line nr="1852" mi="1" ci="0" mb="0" cb="0" />
      <line nr="1853" mi="2" ci="0" mb="0" cb="0" />
      <line nr="1854" mi="1" ci="0" mb="0" cb="0" />
      <line nr="1855" mi="2" ci="0" mb="0" cb="0" />
      <line nr="1856" mi="2" ci="0" mb="0" cb="0" />
      <line nr="1857" mi="1" ci="0" mb="0" cb="0" />
      <line nr="1859" mi="1" ci="0" mb="0" cb="0" />
      <line nr="1860" mi="1" ci="0" mb="0" cb="0" />
      <line nr="1861" mi="2" ci="0" mb="0" cb="0" />
      <line nr="1862" mi="2" ci="0" mb="0" cb="0" />
      <line nr="1863" mi="2" ci="0" mb="0" cb="0" />
      <line nr="1864" mi="1" ci="0" mb="0" cb="0" />
      <line nr="1866" mi="1" ci="0" mb="0" cb="0" />
      <line nr="1867" mi="1" ci="0" mb="0" cb="0" />
      <line nr="1868" mi="1" ci="0" mb="0" cb="0" />
      <line nr="1869" mi="1" ci="0" mb="0" cb="0" />
      <line nr="1870" mi="2" ci="0" mb="0" cb="0" />
      <line nr="1871" mi="2" ci="0" mb="0" cb="0" />
      <line nr="1872" mi="1" ci="0" mb="0" cb="0" />
      <line nr="1873" mi="1" ci="0" mb="0" cb="0" />
      <line nr="1874" mi="1" ci="0" mb="0" cb="0" />
      <line nr="1875" mi="2" ci="0" mb="0" cb="0" />
      <line nr="1876" mi="1" ci="0" mb="0" cb="0" />
      <line nr="1877" mi="1" ci="0" mb="0" cb="0" />
      <line nr="1879" mi="1" ci="0" mb="0" cb="0" />
      <line nr="1880" mi="1" ci="0" mb="0" cb="0" />
      <line nr="1881" mi="2" ci="0" mb="0" cb="0" />
      <line nr="1882" mi="2" ci="0" mb="0" cb="0" />
      <line nr="1883" mi="1" ci="0" mb="0" cb="0" />
      <line nr="1884" mi="1" ci="0" mb="0" cb="0" />
      <line nr="1885" mi="1" ci="0" mb="0" cb="0" />
      <line nr="1886" mi="1" ci="0" mb="0" cb="0" />
      <line nr="1887" mi="1" ci="0" mb="0" cb="0" />
      <line nr="1889" mi="1" ci="0" mb="0" cb="0" />
      <line nr="1890" mi="1" ci="0" mb="0" cb="0" />
      <line nr="1891" mi="2" ci="0" mb="0" cb="0" />
      <line nr="1892" mi="2" ci="0" mb="0" cb="0" />
      <line nr="1893" mi="1" ci="0" mb="0" cb="0" />
      <line nr="1894" mi="1" ci="0" mb="0" cb="0" />
      <line nr="1895" mi="1" ci="0" mb="0" cb="0" />
      <line nr="1896" mi="1" ci="0" mb="0" cb="0" />
      <line nr="1897" mi="1" ci="0" mb="0" cb="0" />
      <line nr="1898" mi="1" ci="0" mb="0" cb="0" />
      <line nr="1900" mi="1" ci="0" mb="0" cb="0" />
      <line nr="1901" mi="1" ci="0" mb="0" cb="0" />
      <line nr="1902" mi="2" ci="0" mb="0" cb="0" />
      <line nr="1903" mi="2" ci="0" mb="0" cb="0" />
      <line nr="1904" mi="1" ci="0" mb="0" cb="0" />
      <line nr="1905" mi="1" ci="0" mb="0" cb="0" />
      <line nr="1906" mi="1" ci="0" mb="0" cb="0" />
      <line nr="1907" mi="1" ci="0" mb="0" cb="0" />
      <line nr="1908" mi="1" ci="0" mb="0" cb="0" />
      <line nr="1910" mi="1" ci="0" mb="0" cb="0" />
      <line nr="1912" mi="1" ci="0" mb="0" cb="0" />
      <line nr="1914" mi="1" ci="0" mb="0" cb="0" />
      <line nr="1915" mi="1" ci="0" mb="0" cb="0" />
      <line nr="1916" mi="1" ci="0" mb="0" cb="0" />
      <line nr="1918" mi="1" ci="0" mb="0" cb="0" />
      <line nr="1920" mi="1" ci="0" mb="0" cb="0" />
      <line nr="1921" mi="2" ci="0" mb="0" cb="0" />
      <line nr="1924" mi="1" ci="0" mb="0" cb="0" />
      <line nr="1925" mi="3" ci="0" mb="0" cb="0" />
      <line nr="1926" mi="1" ci="0" mb="0" cb="0" />
      <line nr="1927" mi="1" ci="0" mb="0" cb="0" />
      <line nr="1928" mi="1" ci="0" mb="0" cb="0" />
      <line nr="1932" mi="1" ci="0" mb="0" cb="0" />
      <line nr="1933" mi="3" ci="0" mb="0" cb="0" />
      <line nr="1934" mi="1" ci="0" mb="0" cb="0" />
      <line nr="1935" mi="1" ci="0" mb="0" cb="0" />
      <line nr="1936" mi="1" ci="0" mb="0" cb="0" />
      <line nr="1937" mi="1" ci="0" mb="0" cb="0" />
      <line nr="1939" mi="1" ci="0" mb="0" cb="0" />
      <line nr="1940" mi="1" ci="0" mb="0" cb="0" />
      <line nr="1941" mi="1" ci="0" mb="0" cb="0" />
      <line nr="1945" mi="1" ci="0" mb="0" cb="0" />
      <line nr="1946" mi="1" ci="0" mb="0" cb="0" />
      <line nr="1949" mi="1" ci="0" mb="0" cb="0" />
      <line nr="1950" mi="1" ci="0" mb="0" cb="0" />
      <line nr="1953" mi="1" ci="0" mb="0" cb="0" />
      <line nr="1954" mi="1" ci="0" mb="0" cb="0" />
      <line nr="1955" mi="1" ci="0" mb="0" cb="0" />
      <line nr="1956" mi="1" ci="0" mb="0" cb="0" />
      <line nr="1957" mi="1" ci="0" mb="0" cb="0" />
      <line nr="1961" mi="1" ci="0" mb="0" cb="0" />
      <line nr="1963" mi="1" ci="0" mb="0" cb="0" />
      <line nr="1964" mi="1" ci="0" mb="0" cb="0" />
      <line nr="1965" mi="1" ci="0" mb="0" cb="0" />
      <line nr="1967" mi="1" ci="0" mb="0" cb="0" />
      <line nr="1968" mi="1" ci="0" mb="0" cb="0" />
      <line nr="1969" mi="1" ci="0" mb="0" cb="0" />
      <line nr="1970" mi="1" ci="0" mb="0" cb="0" />
      <line nr="1971" mi="1" ci="0" mb="0" cb="0" />
      <line nr="1974" mi="1" ci="0" mb="0" cb="0" />
      <line nr="1975" mi="1" ci="0" mb="0" cb="0" />
      <line nr="1976" mi="1" ci="0" mb="0" cb="0" />
      <line nr="1977" mi="1" ci="0" mb="0" cb="0" />
      <line nr="1981" mi="1" ci="0" mb="0" cb="0" />
      <line nr="1982" mi="1" ci="0" mb="0" cb="0" />
      <line nr="1983" mi="1" ci="0" mb="0" cb="0" />
      <line nr="1984" mi="1" ci="0" mb="0" cb="0" />
      <line nr="1985" mi="1" ci="0" mb="0" cb="0" />
      <line nr="1989" mi="1" ci="0" mb="0" cb="0" />
      <line nr="1990" mi="1" ci="0" mb="0" cb="0" />
      <line nr="1993" mi="1" ci="0" mb="0" cb="0" />
      <line nr="2008" mi="1" ci="0" mb="0" cb="0" />
      <line nr="2009" mi="1" ci="0" mb="0" cb="0" />
      <line nr="2010" mi="1" ci="0" mb="0" cb="0" />
      <line nr="2012" mi="1" ci="0" mb="0" cb="0" />
      <line nr="2013" mi="8" ci="0" mb="0" cb="0" />
      <line nr="2014" mi="8" ci="0" mb="0" cb="0" />
      <line nr="2015" mi="8" ci="0" mb="0" cb="0" />
      <line nr="2016" mi="2" ci="0" mb="0" cb="0" />
      <line nr="2017" mi="8" ci="0" mb="0" cb="0" />
      <line nr="2018" mi="2" ci="0" mb="0" cb="0" />
      <line nr="2019" mi="7" ci="0" mb="0" cb="0" />
      <line nr="2020" mi="5" ci="0" mb="0" cb="0" />
      <line nr="2021" mi="5" ci="0" mb="0" cb="0" />
      <line nr="2022" mi="4" ci="0" mb="0" cb="0" />
      <line nr="2023" mi="2" ci="0" mb="0" cb="0" />
      <line nr="2024" mi="4" ci="0" mb="0" cb="0" />
      <line nr="2025" mi="5" ci="0" mb="0" cb="0" />
      <line nr="2026" mi="5" ci="0" mb="0" cb="0" />
      <line nr="2027" mi="3" ci="0" mb="0" cb="0" />
      <line nr="2030" mi="1" ci="0" mb="0" cb="0" />
      <line nr="2031" mi="1" ci="0" mb="0" cb="0" />
      <line nr="2032" mi="1" ci="0" mb="0" cb="0" />
      <line nr="2033" mi="1" ci="0" mb="0" cb="0" />
      <line nr="2034" mi="1" ci="0" mb="0" cb="0" />
      <line nr="2035" mi="1" ci="0" mb="0" cb="0" />
      <line nr="2036" mi="1" ci="0" mb="0" cb="0" />
      <line nr="2037" mi="1" ci="0" mb="0" cb="0" />
      <line nr="2039" mi="1" ci="0" mb="0" cb="0" />
      <line nr="2040" mi="1" ci="0" mb="0" cb="0" />
      <line nr="2043" mi="1" ci="0" mb="0" cb="0" />
      <line nr="2048" mi="3" ci="0" mb="0" cb="0" />
      <line nr="2056" mi="1" ci="0" mb="0" cb="0" />
      <line nr="2057" mi="1" ci="0" mb="0" cb="0" />
      <line nr="2058" mi="1" ci="0" mb="0" cb="0" />
      <line nr="2060" mi="1" ci="0" mb="0" cb="0" />
      <line nr="2061" mi="1" ci="0" mb="0" cb="0" />
      <line nr="2062" mi="1" ci="0" mb="0" cb="0" />
      <line nr="2066" mi="1" ci="0" mb="0" cb="0" />
      <line nr="2067" mi="1" ci="0" mb="0" cb="0" />
      <line nr="2070" mi="1" ci="0" mb="0" cb="0" />
      <line nr="2071" mi="1" ci="0" mb="0" cb="0" />
      <line nr="2072" mi="1" ci="0" mb="0" cb="0" />
      <line nr="2074" mi="1" ci="0" mb="0" cb="0" />
      <line nr="2075" mi="1" ci="0" mb="0" cb="0" />
      <line nr="2076" mi="2" ci="0" mb="0" cb="0" />
      <line nr="2079" mi="1" ci="0" mb="0" cb="0" />
      <line nr="2080" mi="4" ci="0" mb="0" cb="0" />
      <line nr="2084" mi="2" ci="0" mb="0" cb="0" />
      <line nr="2087" mi="1" ci="0" mb="0" cb="0" />
      <line nr="2088" mi="1" ci="0" mb="0" cb="0" />
      <line nr="2089" mi="1" ci="0" mb="0" cb="0" />
      <line nr="2091" mi="1" ci="0" mb="0" cb="0" />
      <line nr="2092" mi="1" ci="0" mb="0" cb="0" />
      <line nr="2093" mi="2" ci="0" mb="0" cb="0" />
      <line nr="2096" mi="1" ci="0" mb="0" cb="0" />
      <line nr="2097" mi="4" ci="0" mb="0" cb="0" />
      <line nr="2101" mi="2" ci="0" mb="0" cb="0" />
      <line nr="2105" mi="1" ci="0" mb="0" cb="0" />
      <line nr="2106" mi="1" ci="0" mb="0" cb="0" />
      <line nr="2110" mi="1" ci="0" mb="0" cb="0" />
      <line nr="2119" mi="1" ci="0" mb="0" cb="0" />
      <line nr="2120" mi="1" ci="0" mb="0" cb="0" />
      <line nr="2122" mi="1" ci="0" mb="0" cb="0" />
      <line nr="2124" mi="2" ci="0" mb="0" cb="0" />
      <line nr="2125" mi="2" ci="0" mb="0" cb="0" />
      <line nr="2126" mi="1" ci="0" mb="0" cb="0" />
      <line nr="2127" mi="1" ci="0" mb="0" cb="0" />
      <line nr="2130" mi="1" ci="0" mb="0" cb="0" />
      <line nr="2139" mi="3" ci="0" mb="0" cb="0" />
      <line nr="2141" mi="1" ci="0" mb="0" cb="0" />
      <line nr="2142" mi="2" ci="0" mb="0" cb="0" />
      <line nr="2143" mi="1" ci="0" mb="0" cb="0" />
      <line nr="2146" mi="1" ci="0" mb="0" cb="0" />
      <line nr="2147" mi="1" ci="0" mb="0" cb="0" />
      <line nr="2150" mi="1" ci="0" mb="0" cb="0" />
      <line nr="2151" mi="1" ci="0" mb="0" cb="0" />
      <line nr="2155" mi="1" ci="0" mb="0" cb="0" />
      <line nr="2169" mi="1" ci="0" mb="0" cb="0" />
      <line nr="2170" mi="1" ci="0" mb="0" cb="0" />
      <line nr="2173" mi="1" ci="0" mb="0" cb="0" />
      <line nr="2174" mi="1" ci="0" mb="0" cb="0" />
      <line nr="2177" mi="1" ci="0" mb="0" cb="0" />
      <line nr="2178" mi="1" ci="0" mb="0" cb="0" />
      <line nr="2179" mi="1" ci="0" mb="0" cb="0" />
      <line nr="2180" mi="1" ci="0" mb="0" cb="0" />
      <line nr="2181" mi="1" ci="0" mb="0" cb="0" />
      <line nr="2182" mi="1" ci="0" mb="0" cb="0" />
      <line nr="2184" mi="1" ci="0" mb="0" cb="0" />
      <line nr="2185" mi="1" ci="0" mb="0" cb="0" />
      <line nr="2186" mi="1" ci="0" mb="0" cb="0" />
      <line nr="2187" mi="1" ci="0" mb="0" cb="0" />
      <line nr="2188" mi="1" ci="0" mb="0" cb="0" />
      <line nr="2189" mi="1" ci="0" mb="0" cb="0" />
      <line nr="2191" mi="3" ci="0" mb="0" cb="0" />
      <line nr="2196" mi="1" ci="0" mb="0" cb="0" />
      <line nr="2197" mi="1" ci="0" mb="0" cb="0" />
      <line nr="2198" mi="1" ci="0" mb="0" cb="0" />
      <line nr="2199" mi="1" ci="0" mb="0" cb="0" />
      <line nr="2200" mi="1" ci="0" mb="0" cb="0" />
      <line nr="2201" mi="1" ci="0" mb="0" cb="0" />
      <line nr="2202" mi="1" ci="0" mb="0" cb="0" />
      <line nr="2204" mi="1" ci="0" mb="0" cb="0" />
      <line nr="2205" mi="1" ci="0" mb="0" cb="0" />
      <line nr="2206" mi="1" ci="0" mb="0" cb="0" />
      <line nr="2207" mi="1" ci="0" mb="0" cb="0" />
      <line nr="2208" mi="1" ci="0" mb="0" cb="0" />
      <line nr="2209" mi="1" ci="0" mb="0" cb="0" />
      <line nr="2211" mi="3" ci="0" mb="0" cb="0" />
      <line nr="2216" mi="1" ci="0" mb="0" cb="0" />
      <line nr="2219" mi="1" ci="0" mb="0" cb="0" />
      <line nr="2220" mi="1" ci="0" mb="0" cb="0" />
      <line nr="2221" mi="1" ci="0" mb="0" cb="0" />
      <line nr="2222" mi="1" ci="0" mb="0" cb="0" />
[...]
      <line nr="27" mi="1" ci="0" mb="0" cb="0" />
      <line nr="28" mi="1" ci="0" mb="0" cb="0" />
      <line nr="29" mi="1" ci="0" mb="0" cb="0" />
      <line nr="30" mi="1" ci="0" mb="0" cb="0" />
      <line nr="31" mi="1" ci="0" mb="0" cb="0" />
      <line nr="32" mi="1" ci="0" mb="0" cb="0" />
      <line nr="33" mi="1" ci="0" mb="0" cb="0" />
      <line nr="34" mi="1" ci="0" mb="0" cb="0" />
      <line nr="35" mi="1" ci="0" mb="0" cb="0" />
      <line nr="49" mi="1" ci="0" mb="0" cb="0" />
      <line nr="50" mi="1" ci="0" mb="0" cb="0" />
      <line nr="51" mi="1" ci="0" mb="0" cb="0" />
      <line nr="55" mi="1" ci="0" mb="0" cb="0" />
      <line nr="57" mi="1" ci="0" mb="0" cb="0" />
      <line nr="72" mi="1" ci="0" mb="0" cb="0" />
      <line nr="73" mi="1" ci="0" mb="0" cb="0" />
      <line nr="75" mi="1" ci="0" mb="0" cb="0" />
      <line nr="77" mi="2" ci="0" mb="0" cb="0" />
      <line nr="78" mi="1" ci="0" mb="0" cb="0" />
      <line nr="79" mi="1" ci="0" mb="0" cb="0" />
      <line nr="83" mi="1" ci="0" mb="0" cb="0" />
      <line nr="88" mi="1" ci="0" mb="0" cb="0" />
      <line nr="89" mi="1" ci="0" mb="0" cb="0" />
      <line nr="90" mi="1" ci="0" mb="0" cb="0" />
      <line nr="91" mi="2" ci="0" mb="0" cb="0" />
      <line nr="92" mi="1" ci="0" mb="0" cb="0" />
      <line nr="94" mi="1" ci="0" mb="0" cb="0" />
      <line nr="97" mi="1" ci="0" mb="0" cb="0" />
      <line nr="108" mi="1" ci="0" mb="0" cb="0" />
      <line nr="109" mi="1" ci="0" mb="0" cb="0" />
      <line nr="112" mi="1" ci="0" mb="0" cb="0" />
      <line nr="113" mi="1" ci="0" mb="0" cb="0" />
      <line nr="115" mi="4" ci="0" mb="0" cb="0" />
      <line nr="118" mi="1" ci="0" mb="0" cb="0" />
      <line nr="119" mi="1" ci="0" mb="0" cb="0" />
      <line nr="120" mi="1" ci="0" mb="0" cb="0" />
      <line nr="121" mi="1" ci="0" mb="0" cb="0" />
      <line nr="122" mi="1" ci="0" mb="0" cb="0" />
      <line nr="123" mi="1" ci="0" mb="0" cb="0" />
      <line nr="124" mi="1" ci="0" mb="0" cb="0" />
      <line nr="125" mi="3" ci="0" mb="0" cb="0" />
      <line nr="126" mi="3" ci="0" mb="0" cb="0" />
      <line nr="130" mi="2" ci="0" mb="0" cb="0" />
      <line nr="131" mi="2" ci="0" mb="0" cb="0" />
      <line nr="141" mi="1" ci="0" mb="0" cb="0" />
      <line nr="145" mi="1" ci="0" mb="0" cb="0" />
      <line nr="149" mi="1" ci="0" mb="0" cb="0" />
      <line nr="150" mi="1" ci="0" mb="0" cb="0" />
      <line nr="152" mi="1" ci="0" mb="0" cb="0" />
      <line nr="155" mi="1" ci="0" mb="0" cb="0" />
      <line nr="158" mi="1" ci="0" mb="0" cb="0" />
      <line nr="161" mi="1" ci="0" mb="0" cb="0" />
      <line nr="162" mi="1" ci="0" mb="0" cb="0" />
      <line nr="165" mi="1" ci="0" mb="0" cb="0" />
      <line nr="166" mi="1" ci="0" mb="0" cb="0" />
      <line nr="169" mi="1" ci="0" mb="0" cb="0" />
      <line nr="170" mi="1" ci="0" mb="0" cb="0" />
      <line nr="173" mi="1" ci="0" mb="0" cb="0" />
      <line nr="174" mi="1" ci="0" mb="0" cb="0" />
      <line nr="175" mi="1" ci="0" mb="0" cb="0" />
      <line nr="178" mi="1" ci="0" mb="0" cb="0" />
      <line nr="179" mi="1" ci="0" mb="0" cb="0" />
      <line nr="182" mi="1" ci="0" mb="0" cb="0" />
      <line nr="183" mi="1" ci="0" mb="0" cb="0" />
      <line nr="186" mi="1" ci="0" mb="0" cb="0" />
      <line nr="187" mi="1" ci="0" mb="0" cb="0" />
      <line nr="188" mi="1" ci="0" mb="0" cb="0" />
      <line nr="191" mi="1" ci="0" mb="0" cb="0" />
      <line nr="192" mi="1" ci="0" mb="0" cb="0" />
      <line nr="193" mi="1" ci="0" mb="0" cb="0" />
      <line nr="196" mi="1" ci="0" mb="0" cb="0" />
      <line nr="197" mi="1" ci="0" mb="0" cb="0" />
      <line nr="198" mi="1" ci="0" mb="0" cb="0" />
      <line nr="205" mi="1" ci="0" mb="0" cb="0" />
      <line nr="206" mi="1" ci="0" mb="0" cb="0" />
      <line nr="207" mi="1" ci="0" mb="0" cb="0" />
      <line nr="210" mi="1" ci="0" mb="0" cb="0" />
      <line nr="211" mi="4" ci="0" mb="0" cb="0" />
      <line nr="214" mi="3" ci="0" mb="0" cb="0" />
      <line nr="221" mi="1" ci="0" mb="0" cb="0" />
      <line nr="222" mi="1" ci="0" mb="0" cb="0" />
      <line nr="226" mi="1" ci="0" mb="0" cb="0" />
      <line nr="227" mi="1" ci="0" mb="0" cb="0" />
      <line nr="232" mi="1" ci="0" mb="0" cb="0" />
      <line nr="236" mi="1" ci="0" mb="0" cb="0" />
      <line nr="240" mi="1" ci="0" mb="0" cb="0" />
      <line nr="258" mi="2" ci="0" mb="0" cb="0" />
      <line nr="259" mi="2" ci="0" mb="0" cb="0" />
      <line nr="264" mi="2" ci="0" mb="0" cb="0" />
      <line nr="265" mi="1" ci="0" mb="0" cb="0" />
      <line nr="266" mi="3" ci="0" mb="0" cb="0" />
      <line nr="267" mi="1" ci="0" mb="0" cb="0" />
      <line nr="268" mi="2" ci="0" mb="0" cb="0" />
      <line nr="270" mi="1" ci="0" mb="0" cb="0" />
      <line nr="273" mi="2" ci="0" mb="0" cb="0" />
      <line nr="279" mi="1" ci="0" mb="0" cb="0" />
      <line nr="280" mi="1" ci="0" mb="0" cb="0" />
      <line nr="281" mi="1" ci="0" mb="0" cb="0" />
      <line nr="282" mi="1" ci="0" mb="0" cb="0" />
      <line nr="283" mi="1" ci="0" mb="0" cb="0" />
      <line nr="284" mi="1" ci="0" mb="0" cb="0" />
      <line nr="298" mi="1" ci="0" mb="0" cb="0" />
      <line nr="299" mi="1" ci="0" mb="0" cb="0" />
      <line nr="300" mi="1" ci="0" mb="0" cb="0" />
      <line nr="301" mi="1" ci="0" mb="0" cb="0" />
      <line nr="302" mi="1" ci="0" mb="0" cb="0" />
      <line nr="303" mi="1" ci="0" mb="0" cb="0" />
      <line nr="304" mi="1" ci="0" mb="0" cb="0" />
      <line nr="305" mi="1" ci="0" mb="0" cb="0" />
      <line nr="306" mi="1" ci="0" mb="0" cb="0" />
      <line nr="307" mi="1" ci="0" mb="0" cb="0" />
      <line nr="308" mi="1" ci="0" mb="0" cb="0" />
      <line nr="309" mi="1" ci="0" mb="0" cb="0" />
      <line nr="310" mi="1" ci="0" mb="0" cb="0" />
      <line nr="318" mi="1" ci="0" mb="0" cb="0" />
      <line nr="319" mi="1" ci="0" mb="0" cb="0" />
      <line nr="321" mi="1" ci="0" mb="0" cb="0" />
      <line nr="322" mi="1" ci="0" mb="0" cb="0" />
      <line nr="323" mi="1" ci="0" mb="0" cb="0" />
      <line nr="324" mi="1" ci="0" mb="0" cb="0" />
      <line nr="325" mi="1" ci="0" mb="0" cb="0" />
      <line nr="326" mi="1" ci="0" mb="0" cb="0" />
      <line nr="331" mi="1" ci="0" mb="0" cb="0" />
      <line nr="336" mi="1" ci="0" mb="0" cb="0" />
      <line nr="337" mi="1" ci="0" mb="0" cb="0" />
      <line nr="338" mi="1" ci="0" mb="0" cb="0" />
      <line nr="339" mi="1" ci="0" mb="0" cb="0" />
      <line nr="342" mi="1" ci="0" mb="0" cb="0" />
      <line nr="360" mi="1" ci="0" mb="0" cb="0" />
      <line nr="362" mi="1" ci="0" mb="0" cb="0" />
      <line nr="363" mi="1" ci="0" mb="0" cb="0" />
      <line nr="364" mi="1" ci="0" mb="0" cb="0" />
      <line nr="365" mi="1" ci="0" mb="0" cb="0" />
      <line nr="366" mi="1" ci="0" mb="0" cb="0" />
      <line nr="367" mi="1" ci="0" mb="0" cb="0" />
      <line nr="368" mi="1" ci="0" mb="0" cb="0" />
      <line nr="369" mi="1" ci="0" mb="0" cb="0" />
      <line nr="372" mi="1" ci="0" mb="0" cb="0" />
      <line nr="373" mi="3" ci="0" mb="0" cb="0" />
      <line nr="375" mi="1" ci="0" mb="0" cb="0" />
      <line nr="376" mi="1" ci="0" mb="0" cb="0" />
      <line nr="379" mi="1" ci="0" mb="0" cb="0" />
      <line nr="382" mi="1" ci="0" mb="0" cb="0" />
      <line nr="385" mi="1" ci="0" mb="0" cb="0" />
      <line nr="386" mi="1" ci="0" mb="0" cb="0" />
      <line nr="387" mi="1" ci="0" mb="0" cb="0" />
      <line nr="388" mi="1" ci="0" mb="0" cb="0" />
      <line nr="389" mi="1" ci="0" mb="0" cb="0" />
      <line nr="390" mi="1" ci="0" mb="0" cb="0" />
      <line nr="391" mi="1" ci="0" mb="0" cb="0" />
      <line nr="415" mi="1" ci="0" mb="0" cb="0" />
      <line nr="416" mi="1" ci="0" mb="0" cb="0" />
      <line nr="417" mi="1" ci="0" mb="0" cb="0" />
      <line nr="418" mi="1" ci="0" mb="0" cb="0" />
      <line nr="421" mi="1" ci="0" mb="0" cb="0" />
      <line nr="424" mi="1" ci="0" mb="0" cb="0" />
      <line nr="425" mi="1" ci="0" mb="0" cb="0" />
      <line nr="426" mi="1" ci="0" mb="0" cb="0" />
      <line nr="428" mi="1" ci="0" mb="0" cb="0" />
      <line nr="430" mi="1" ci="0" mb="0" cb="0" />
      <line nr="431" mi="1" ci="0" mb="0" cb="0" />
      <line nr="433" mi="1" ci="0" mb="0" cb="0" />
      <line nr="434" mi="1" ci="0" mb="0" cb="0" />
      <line nr="438" mi="1" ci="0" mb="0" cb="0" />
      <line nr="439" mi="1" ci="0" mb="0" cb="0" />
      <line nr="448" mi="1" ci="0" mb="0" cb="0" />
      <line nr="449" mi="1" ci="0" mb="0" cb="0" />
      <line nr="450" mi="1" ci="0" mb="0" cb="0" />
      <line nr="451" mi="1" ci="0" mb="0" cb="0" />
      <line nr="452" mi="1" ci="0" mb="0" cb="0" />
      <line nr="453" mi="1" ci="0" mb="0" cb="0" />
      <line nr="457" mi="2" ci="0" mb="0" cb="0" />
      <line nr="458" mi="2" ci="0" mb="0" cb="0" />
      <line nr="462" mi="1" ci="0" mb="0" cb="0" />
      <line nr="463" mi="1" ci="0" mb="0" cb="0" />
      <line nr="468" mi="1" ci="0" mb="0" cb="0" />
      <line nr="470" mi="1" ci="0" mb="0" cb="0" />
      <line nr="471" mi="1" ci="0" mb="0" cb="0" />
      <line nr="478" mi="1" ci="0" mb="0" cb="0" />
      <line nr="479" mi="1" ci="0" mb="0" cb="0" />
      <line nr="480" mi="1" ci="0" mb="0" cb="0" />
      <line nr="481" mi="1" ci="0" mb="0" cb="0" />
      <line nr="482" mi="1" ci="0" mb="0" cb="0" />
      <line nr="483" mi="1" ci="0" mb="0" cb="0" />
      <line nr="488" mi="1" ci="0" mb="0" cb="0" />
      <line nr="491" mi="1" ci="0" mb="0" cb="0" />
      <line nr="492" mi="1" ci="0" mb="0" cb="0" />
      <line nr="493" mi="1" ci="0" mb="0" cb="0" />
      <line nr="494" mi="1" ci="0" mb="0" cb="0" />
      <line nr="518" mi="1" ci="0" mb="0" cb="0" />
      <line nr="519" mi="1" ci="0" mb="0" cb="0" />
      <line nr="520" mi="1" ci="0" mb="0" cb="0" />
      <line nr="522" mi="1" ci="0" mb="0" cb="0" />
      <line nr="524" mi="1" ci="0" mb="0" cb="0" />
      <line nr="526" mi="1" ci="0" mb="0" cb="0" />
      <line nr="527" mi="1" ci="0" mb="0" cb="0" />
      <line nr="530" mi="1" ci="0" mb="0" cb="0" />
      <line nr="531" mi="1" ci="0" mb="0" cb="0" />
      <line nr="533" mi="1" ci="0" mb="0" cb="0" />
      <line nr="534" mi="1" ci="0" mb="0" cb="0" />
      <line nr="535" mi="1" ci="0" mb="0" cb="0" />
      <line nr="536" mi="1" ci="0" mb="0" cb="0" />
      <line nr="537" mi="1" ci="0" mb="0" cb="0" />
      <line nr="538" mi="1" ci="0" mb="0" cb="0" />
      <line nr="539" mi="1" ci="0" mb="0" cb="0" />
      <line nr="543" mi="2" ci="0" mb="0" cb="0" />
      <line nr="547" mi="1" ci="0" mb="0" cb="0" />
      <line nr="552" mi="1" ci="0" mb="0" cb="0" />
      <line nr="554" mi="1" ci="0" mb="0" cb="0" />
      <line nr="555" mi="1" ci="0" mb="0" cb="0" />
      <line nr="557" mi="1" ci="0" mb="0" cb="0" />
      <line nr="558" mi="1" ci="0" mb="0" cb="0" />
      <line nr="559" mi="1" ci="0" mb="0" cb="0" />
      <line nr="560" mi="1" ci="0" mb="0" cb="0" />
      <line nr="561" mi="1" ci="0" mb="0" cb="0" />
      <line nr="562" mi="1" ci="0" mb="0" cb="0" />
      <line nr="563" mi="1" ci="0" mb="0" cb="0" />
      <line nr="568" mi="1" ci="0" mb="0" cb="0" />
      <line nr="571" mi="1" ci="0" mb="0" cb="0" />
      <line nr="572" mi="1" ci="0" mb="0" cb="0" />
      <line nr="573" mi="1" ci="0" mb="0" cb="0" />
      <line nr="574" mi="1" ci="0" mb="0" cb="0" />
      <line nr="587" mi="2" ci="0" mb="0" cb="0" />
      <line nr="588" mi="1" ci="0" mb="0" cb="0" />
      <line nr="591" mi="1" ci="0" mb="0" cb="0" />
      <line nr="592" mi="1" ci="0" mb="0" cb="0" />
      <line nr="593" mi="1" ci="0" mb="0" cb="0" />
      <line nr="594" mi="1" ci="0" mb="0" cb="0" />
      <line nr="597" mi="1" ci="0" mb="0" cb="0" />
      <line nr="598" mi="1" ci="0" mb="0" cb="0" />
      <line nr="599" mi="1" ci="0" mb="0" cb="0" />
      <line nr="600" mi="1" ci="0" mb="0" cb="0" />
      <line nr="602" mi="1" ci="0" mb="0" cb="0" />
      <line nr="603" mi="2" ci="0" mb="0" cb="0" />
      <line nr="606" mi="1" ci="0" mb="0" cb="0" />
      <line nr="610" mi="2" ci="0" mb="0" cb="0" />
      <line nr="613" mi="1" ci="0" mb="0" cb="0" />
      <line nr="615" mi="1" ci="0" mb="0" cb="0" />
      <line nr="616" mi="2" ci="0" mb="0" cb="0" />
      <line nr="620" mi="1" ci="0" mb="0" cb="0" />
      <line nr="621" mi="2" ci="0" mb="0" cb="0" />
      <line nr="624" mi="1" ci="0" mb="0" cb="0" />
      <line nr="627" mi="1" ci="0" mb="0" cb="0" />
      <line nr="629" mi="1" ci="0" mb="0" cb="0" />
      <line nr="631" mi="1" ci="0" mb="0" cb="0" />
      <line nr="632" mi="1" ci="0" mb="0" cb="0" />
      <line nr="634" mi="2" ci="0" mb="0" cb="0" />
      <line nr="635" mi="3" ci="0" mb="0" cb="0" />
      <line nr="638" mi="1" ci="0" mb="0" cb="0" />
      <line nr="646" mi="1" ci="0" mb="0" cb="0" />
      <line nr="647" mi="1" ci="0" mb="0" cb="0" />
      <line nr="649" mi="2" ci="0" mb="0" cb="0" />
      <line nr="650" mi="1" ci="0" mb="0" cb="0" />
      <line nr="651" mi="2" ci="0" mb="0" cb="0" />
      <line nr="654" mi="1" ci="0" mb="0" cb="0" />
      <line nr="655" mi="2" ci="0" mb="0" cb="0" />
      <line nr="656" mi="1" ci="0" mb="0" cb="0" />
      <line nr="658" mi="1" ci="0" mb="0" cb="0" />
      <line nr="659" mi="1" ci="0" mb="0" cb="0" />
      <line nr="671" mi="1" ci="0" mb="0" cb="0" />
      <line nr="673" mi="1" ci="0" mb="0" cb="0" />
      <line nr="674" mi="1" ci="0" mb="0" cb="0" />
      <line nr="677" mi="1" ci="0" mb="0" cb="0" />
      <line nr="680" mi="1" ci="0" mb="0" cb="0" />
      <line nr="684" mi="1" ci="0" mb="0" cb="0" />
      <line nr="685" mi="3" ci="0" mb="0" cb="0" />
      <line nr="687" mi="1" ci="0" mb="0" cb="0" />
      <line nr="688" mi="1" ci="0" mb="0" cb="0" />
      <line nr="691" mi="1" ci="0" mb="0" cb="0" />
      <line nr="698" mi="1" ci="0" mb="0" cb="0" />
      <line nr="702" mi="1" ci="0" mb="0" cb="0" />
      <line nr="703" mi="1" ci="0" mb="0" cb="0" />
      <line nr="706" mi="1" ci="0" mb="0" cb="0" />
      <line nr="708" mi="1" ci="0" mb="0" cb="0" />
      <line nr="711" mi="1" ci="0" mb="0" cb="0" />
      <line nr="715" mi="1" ci="0" mb="0" cb="0" />
      <line nr="726" mi="1" ci="0" mb="0" cb="0" />
      <line nr="727" mi="2" ci="0" mb="0" cb="0" />
      <line nr="728" mi="1" ci="0" mb="0" cb="0" />
      <line nr="743" mi="1" ci="0" mb="0" cb="0" />
      <line nr="744" mi="1" ci="0" mb="0" cb="0" />
      <line nr="747" mi="2" ci="0" mb="0" cb="0" />
      <line nr="748" mi="1" ci="0" mb="0" cb="0" />
      <line nr="751" mi="1" ci="0" mb="0" cb="0" />
      <line nr="758" mi="1" ci="0" mb="0" cb="0" />
      <line nr="762" mi="1" ci="0" mb="0" cb="0" />
      <line nr="763" mi="1" ci="0" mb="0" cb="0" />
      <line nr="766" mi="2" ci="0" mb="0" cb="0" />
      <line nr="767" mi="1" ci="0" mb="0" cb="0" />
      <line nr="777" mi="1" ci="0" mb="0" cb="0" />
      <line nr="779" mi="1" ci="0" mb="0" cb="0" />
      <line nr="780" mi="1" ci="0" mb="0" cb="0" />
      <line nr="781" mi="1" ci="0" mb="0" cb="0" />
      <line nr="782" mi="1" ci="0" mb="0" cb="0" />
      <line nr="783" mi="1" ci="0" mb="0" cb="0" />
      <line nr="784" mi="1" ci="0" mb="0" cb="0" />
      <line nr="789" mi="1" ci="0" mb="0" cb="0" />
      <line nr="793" mi="1" ci="0" mb="0" cb="0" />
      <line nr="805" mi="1" ci="0" mb="0" cb="0" />
      <line nr="806" mi="1" ci="0" mb="0" cb="0" />
      <line nr="807" mi="1" ci="0" mb="0" cb="0" />
      <line nr="808" mi="1" ci="0" mb="0" cb="0" />
      <line nr="812" mi="2" ci="0" mb="0" cb="0" />
      <line nr="813" mi="1" ci="0" mb="0" cb="0" />
      <line nr="838" mi="2" ci="0" mb="0" cb="0" />
      <line nr="839" mi="1" ci="0" mb="0" cb="0" />
      <line nr="842" mi="1" ci="0" mb="0" cb="0" />
      <line nr="844" mi="1" ci="0" mb="0" cb="0" />
      <line nr="845" mi="2" ci="0" mb="0" cb="0" />
      <line nr="846" mi="2" ci="0" mb="0" cb="0" />
      <line nr="849" mi="1" ci="0" mb="0" cb="0" />
      <line nr="850" mi="2" ci="0" mb="0" cb="0" />
      <line nr="851" mi="2" ci="0" mb="0" cb="0" />
      <line nr="853" mi="1" ci="0" mb="0" cb="0" />
      <line nr="855" mi="2" ci="0" mb="0" cb="0" />
      <line nr="858" mi="1" ci="0" mb="0" cb="0" />
      <line nr="859" mi="1" ci="0" mb="0" cb="0" />
      <line nr="860" mi="1" ci="0" mb="0" cb="0" />
      <line nr="861" mi="1" ci="0" mb="0" cb="0" />
      <line nr="862" mi="1" ci="0" mb="0" cb="0" />
      <line nr="863" mi="1" ci="0" mb="0" cb="0" />
      <line nr="864" mi="2" ci="0" mb="0" cb="0" />
      <line nr="865" mi="1" ci="0" mb="0" cb="0" />
      <line nr="866" mi="1" ci="0" mb="0" cb="0" />
      <line nr="870" mi="1" ci="0" mb="0" cb="0" />
      <line nr="871" mi="1" ci="0" mb="0" cb="0" />
      <line nr="872" mi="1" ci="0" mb="0" cb="0" />
      <line nr="873" mi="1" ci="0" mb="0" cb="0" />
      <line nr="874" mi="1" ci="0" mb="0" cb="0" />
      <line nr="875" mi="1" ci="0" mb="0" cb="0" />
      <line nr="879" mi="1" ci="0" mb="0" cb="0" />
      <line nr="881" mi="2" ci="0" mb="0" cb="0" />
      <line nr="882" mi="1" ci="0" mb="0" cb="0" />
      <line nr="892" mi="2" ci="0" mb="0" cb="0" />
      <line nr="893" mi="1" ci="0" mb="0" cb="0" />
      <line nr="896" mi="1" ci="0" mb="0" cb="0" />
      <line nr="898" mi="2" ci="0" mb="0" cb="0" />
      <line nr="900" mi="1" ci="0" mb="0" cb="0" />
      <line nr="901" mi="1" ci="0" mb="0" cb="0" />
      <line nr="902" mi="1" ci="0" mb="0" cb="0" />
      <line nr="905" mi="1" ci="0" mb="0" cb="0" />
      <line nr="906" mi="1" ci="0" mb="0" cb="0" />
      <line nr="909" mi="1" ci="0" mb="0" cb="0" />
      <line nr="911" mi="1" ci="0" mb="0" cb="0" />
      <line nr="912" mi="1" ci="0" mb="0" cb="0" />
      <line nr="915" mi="2" ci="0" mb="0" cb="0" />
      <line nr="916" mi="1" ci="0" mb="0" cb="0" />
      <line nr="920" mi="1" ci="0" mb="0" cb="0" />
      <line nr="921" mi="1" ci="0" mb="0" cb="0" />
      <line nr="922" mi="1" ci="0" mb="0" cb="0" />
      <line nr="926" mi="1" ci="0" mb="0" cb="0" />
      <line nr="927" mi="2" ci="0" mb="0" cb="0" />
      <line nr="930" mi="1" ci="0" mb="0" cb="0" />
      <line nr="931" mi="1" ci="0" mb="0" cb="0" />
      <line nr="932" mi="1" ci="0" mb="0" cb="0" />
      <line nr="935" mi="1" ci="0" mb="0" cb="0" />
      <line nr="936" mi="1" ci="0" mb="0" cb="0" />
      <line nr="937" mi="1" ci="0" mb="0" cb="0" />
      <line nr="941" mi="1" ci="0" mb="0" cb="0" />
      <line nr="942" mi="2" ci="0" mb="0" cb="0" />
      <line nr="943" mi="1" ci="0" mb="0" cb="0" />
      <line nr="945" mi="1" ci="0" mb="0" cb="0" />
      <line nr="948" mi="1" ci="0" mb="0" cb="0" />
      <line nr="949" mi="2" ci="0" mb="0" cb="0" />
      <line nr="950" mi="1" ci="0" mb="0" cb="0" />
      <line nr="952" mi="1" ci="0" mb="0" cb="0" />
      <line nr="955" mi="1" ci="0" mb="0" cb="0" />
      <line nr="956" mi="1" ci="0" mb="0" cb="0" />
      <line nr="959" mi="1" ci="0" mb="0" cb="0" />
      <line nr="963" mi="1" ci="0" mb="0" cb="0" />
      <line nr="969" mi="1" ci="0" mb="0" cb="0" />
      <counter type="INSTRUCTION" missed="432" covered="0" />
      <counter type="LINE" missed="373" covered="0" />
      <counter type="METHOD" missed="18" covered="0" />
      <counter type="CLASS" missed="1" covered="0" />
    </sourcefile>
    <counter type="INSTRUCTION" missed="529" covered="0" />
    <counter type="LINE" missed="453" covered="0" />
    <counter type="METHOD" missed="22" covered="0" />
    <counter type="CLASS" missed="2" covered="0" />
  </package>
  <counter type="INSTRUCTION" missed="3668" covered="0" />
  <counter type="LINE" missed="3038" covered="0" />
  <counter type="METHOD" missed="108" covered="0" />
  <counter type="CLASS" missed="5" covered="0" />
</report>
